#
# A fatal error has been detected by the Java Runtime Environment:
#
#  EXCEPTION_ACCESS_VIOLATION (0xc0000005) at pc=0x00007ffba9647db0, pid=2804, tid=10428
#
# JRE version: OpenJDK Runtime Environment (11.0.10) (build 11.0.10+0-b96-7249189)
# Java VM: OpenJDK 64-Bit Server VM (11.0.10+0-b96-7249189, mixed mode, tiered, compressed oops, g1 gc, windows-amd64)
# Problematic frame:
# V  [jvm.dll+0x357db0]
#
# No core dump will be written. Minidumps are not enabled by default on client versions of Windows
#
# If you would like to submit a bug report, please visit:
#   https://bugreport.java.com/bugreport/crash.jsp
#

---------------  S U M M A R Y ------------

Command Line: --add-opens=java.base/java.util=ALL-UNNAMED --add-opens=java.base/java.lang=ALL-UNNAMED --add-opens=java.base/java.lang.invoke=ALL-UNNAMED --add-opens=java.base/java.util=ALL-UNNAMED --add-opens=java.prefs/java.util.prefs=ALL-UNNAMED --add-opens=java.prefs/java.util.prefs=ALL-UNNAMED --add-opens=java.base/java.nio.charset=ALL-UNNAMED --add-opens=java.base/java.net=ALL-UNNAMED --add-opens=java.base/java.util.concurrent.atomic=ALL-UNNAMED -Xmx2048m -Dfile.encoding=UTF-8 -Duser.country=RU -Duser.language=ru -Duser.variant org.gradle.launcher.daemon.bootstrap.GradleDaemon 7.0.2

Host: AMD Ryzen 5 3600 6-Core Processor              , 12 cores, 15G,  Windows 10 , 64 bit Build 19041 (10.0.19041.1466)
Time: Sat Jan 22 06:23:33 2022 RTZ 3 (зима) elapsed time: 1610.189341 seconds (0d 0h 26m 50s)

---------------  T H R E A D  ---------------

Current thread (0x000001d226e7d000):  JavaThread "C2 CompilerThread0" daemon [_thread_in_native, id=10428, stack(0x0000009c0c100000,0x0000009c0c200000)]


Current CompileTask:
C2:1610189 26563       4       com.sun.tools.javac.parser.JavacParser::blockStatement (604 bytes)

Stack: [0x0000009c0c100000,0x0000009c0c200000],  sp=0x0000009c0c1fbc50,  free space=1007k
Native frames: (J=compiled Java code, j=interpreted, Vv=VM code, C=native code)
V  [jvm.dll+0x357db0]
V  [jvm.dll+0x351260]
V  [jvm.dll+0x198049]
V  [jvm.dll+0x1fb70e]
V  [jvm.dll+0x1fa7f4]
V  [jvm.dll+0x18354c]
V  [jvm.dll+0x208ee7]
V  [jvm.dll+0x207731]
V  [jvm.dll+0x6eb1cf]
V  [jvm.dll+0x6e3d45]
V  [jvm.dll+0x5ebe96]
C  [ucrtbase.dll+0x21bb2]
C  [KERNEL32.DLL+0x17034]
C  [ntdll.dll+0x52651]


siginfo: EXCEPTION_ACCESS_VIOLATION (0xc0000005), reading address 0x00006ffba9ce7c38


Register to memory mapping:

RIP=0x00007ffba9647db0 jvm.dll
RAX=0x00006ffba9ce7c38 is an unknown value
RBX=0x0000000000000058 is an unknown value
RCX=0x0000000000000002 is an unknown value
RDX=0x0 is NULL
RSP=0x0000009c0c1fbc50 is pointing into the stack for thread: 0x000001d226e7d000
RBP=0x0000000000000008 is an unknown value
RSI=0x00007ffba9ce7c38 jvm.dll
RDI=0x000001d2264a2670 points into unknown readable memory: 0x000001d226ec70c0 | c0 70 ec 26 d2 01 00 00
R8 =0x000001d2326b87e0 points into unknown readable memory: 0x0000000000001000 | 00 10 00 00 00 00 00 00
R9 =0x0000009c0c1fbca0 is pointing into the stack for thread: 0x000001d226e7d000
R10=0x000000000000000b is an unknown value
R11=0x0000009c0c1fbbb0 is pointing into the stack for thread: 0x000001d226e7d000
R12=0x00007ffba92f0000 jvm.dll
R13=0x0000000000000008 is an unknown value
R14=0x0000000000000003 is an unknown value
R15=0x00007ffba9ce7c38 jvm.dll


Registers:
RAX=0x00006ffba9ce7c38, RBX=0x0000000000000058, RCX=0x0000000000000002, RDX=0x0000000000000000
RSP=0x0000009c0c1fbc50, RBP=0x0000000000000008, RSI=0x00007ffba9ce7c38, RDI=0x000001d2264a2670
R8 =0x000001d2326b87e0, R9 =0x0000009c0c1fbca0, R10=0x000000000000000b, R11=0x0000009c0c1fbbb0
R12=0x00007ffba92f0000, R13=0x0000000000000008, R14=0x0000000000000003, R15=0x00007ffba9ce7c38
RIP=0x00007ffba9647db0, EFLAGS=0x0000000000010246

Top of Stack: (sp=0x0000009c0c1fbc50)
0x0000009c0c1fbc50:   0000000000000000 0000000000000000
0x0000009c0c1fbc60:   000001d226ec70c8 000001d226e7a100
0x0000009c0c1fbc70:   0000000000000b23 00007ffba9641260
0x0000009c0c1fbc80:   000001d234b2a7c0 0000009c0c1fbdc0
0x0000009c0c1fbc90:   0000000000000b23 00007ffba9b1cb70
0x0000009c0c1fbca0:   0000070f00000000 000001d200000001
0x0000009c0c1fbcb0:   00006ffba9ce7c38 0000000000000008
0x0000009c0c1fbcc0:   000001d234b53630 000001d20000000c
0x0000009c0c1fbcd0:   000001d234b53620 0000009c0c1fc248
0x0000009c0c1fbce0:   000001d226f44bc0 0000000000000000
0x0000009c0c1fbcf0:   0000009c0c1fbe00 00007ffba9488049
0x0000009c0c1fbd00:   0000009c0c1fc160 0000009c0c1fc248
0x0000009c0c1fbd10:   00000000000003d8 000001d226f44bd0
0x0000009c0c1fbd20:   0000009c0c1fbe00 0000000000000001
0x0000009c0c1fbd30:   00007ffb00000006 000001d226f44bc0
0x0000009c0c1fbd40:   000001d232510dc0 000001d2325160b0 

Instructions: (pc=0x00007ffba9647db0)
0x00007ffba9647cb0:   58 4c 8b 64 24 50 48 8b c3 48 83 c4 20 41 5f 5f
0x00007ffba9647cc0:   5e 5d 5b c3 cc cc cc cc cc cc cc cc cc cc cc cc
0x00007ffba9647cd0:   83 3a 00 4c 8b c2 c7 41 08 08 00 00 00 75 16 33
0x00007ffba9647ce0:   d2 c7 41 18 01 00 00 00 89 11 48 8b c1 c7 41 28
0x00007ffba9647cf0:   01 00 00 00 c3 33 d2 48 89 11 89 51 18 41 8b 80
0x00007ffba9647d00:   90 00 00 00 89 41 28 48 89 51 10 49 8b 40 08 48
0x00007ffba9647d10:   89 41 20 48 8b c1 4c 89 41 30 c3 cc cc cc cc cc
0x00007ffba9647d20:   48 83 ec 28 8b 51 08 4c 8b c9 83 fa 08 73 18 4c
0x00007ffba9647d30:   8b 41 10 8b c2 41 83 3c 80 00 0f 85 0d 01 00 00
0x00007ffba9647d40:   ff c2 83 fa 08 72 ec 44 8b 51 18 48 89 5c 24 30
0x00007ffba9647d50:   48 89 6c 24 38 48 89 74 24 40 48 89 7c 24 20 44
0x00007ffba9647d60:   3b 51 28 0f 83 b9 00 00 00 8b 0d 0d ba 6d 00 48
0x00007ffba9647d70:   8d 35 c2 fe 69 00 65 48 8b 04 25 58 00 00 00 bd
0x00007ffba9647d80:   08 00 00 00 48 8d 3c c8 0f 1f 84 00 00 00 00 00
0x00007ffba9647d90:   41 8b c2 48 8d 1c c5 00 00 00 00 49 8b 41 20 48
0x00007ffba9647da0:   8b 04 03 48 3b c6 74 6d 49 89 41 10 33 d2 66 90
0x00007ffba9647db0:   83 38 00 0f 85 c3 00 00 00 ff c2 48 83 c0 04 83
0x00007ffba9647dc0:   fa 08 72 ec 4d 8b 59 30 4d 85 db 74 48 49 8b 43
0x00007ffba9647dd0:   08 8b d5 48 03 17 4c 8b 04 03 48 8b 02 48 8b 88
0x00007ffba9647de0:   d0 04 00 00 48 8b 81 88 00 00 00 48 8b 88 88 08
0x00007ffba9647df0:   00 00 49 89 08 48 8b 02 48 8b 88 d0 04 00 00 48
0x00007ffba9647e00:   8b 81 88 00 00 00 4c 89 80 88 08 00 00 49 8b 43
0x00007ffba9647e10:   08 48 89 34 03 41 ff c2 45 3b 51 28 0f 82 6e ff
0x00007ffba9647e20:   ff ff 41 8b 41 28 41 89 41 18 33 c0 41 c7 41 08
0x00007ffba9647e30:   08 00 00 00 48 8b 74 24 40 48 8b 6c 24 38 48 8b
0x00007ffba9647e40:   5c 24 30 48 8b 7c 24 20 48 83 c4 28 c3 8b 41 18
0x00007ffba9647e50:   8d 0c c2 8b c2 c1 e1 05 81 e9 00 01 00 00 41 89
0x00007ffba9647e60:   49 04 41 8b 0c 80 8d 42 01 41 89 09 49 8b c9 41
0x00007ffba9647e70:   89 41 08 48 83 c4 28 e9 a4 33 e4 ff 42 8d 04 d2
0x00007ffba9647e80:   c1 e0 05 41 89 41 04 49 8b 41 10 8b 0c 90 41 8d
0x00007ffba9647e90:   42 01 41 89 41 18 8d 42 01 41 89 09 49 8b c9 41
0x00007ffba9647ea0:   89 41 08 e8 78 33 e4 ff eb 8a cc cc cc cc cc cc 


Stack slot to memory mapping:
stack at sp + 0 slots: 0x0 is NULL
stack at sp + 1 slots: 0x0 is NULL
stack at sp + 2 slots: 0x000001d226ec70c8 points into unknown readable memory: 0x000001d226e7d000 | 00 d0 e7 26 d2 01 00 00
stack at sp + 3 slots: 0x000001d226e7a100 points into unknown readable memory: 0x0009000a00000006 | 06 00 00 00 0a 00 09 00
stack at sp + 4 slots: 0x0000000000000b23 is an unknown value
stack at sp + 5 slots: 0x00007ffba9641260 jvm.dll
stack at sp + 6 slots: 0x000001d234b2a7c0 points into unknown readable memory: 0x3f90b4a400000005 | 05 00 00 00 a4 b4 90 3f
stack at sp + 7 slots: 0x0000009c0c1fbdc0 is pointing into the stack for thread: 0x000001d226e7d000


---------------  P R O C E S S  ---------------

Threads class SMR info:
_java_thread_list=0x000001d230557910, length=100, elements={
0x000001d209d7d800, 0x000001d226e53000, 0x000001d226e58800, 0x000001d226e78800,
0x000001d226e7b000, 0x000001d226e7c000, 0x000001d226e7d000, 0x000001d226e7e800,
0x000001d226e7f800, 0x000001d22703c000, 0x000001d228e5f000, 0x000001d2299e2800,
0x000001d2296d4800, 0x000001d2297be800, 0x000001d2297c1000, 0x000001d229aec800,
0x000001d229aed800, 0x000001d229aeb000, 0x000001d229af0800, 0x000001d229af5800,
0x000001d229af3000, 0x000001d229af6800, 0x000001d229af2000, 0x000001d22a9fb000,
0x000001d22a9fc000, 0x000001d22a9f6000, 0x000001d22a9f7000, 0x000001d22a9fc800,
0x000001d22a9f8800, 0x000001d22a9f9800, 0x000001d22a9fa000, 0x000001d22ad4e800,
0x000001d22ad50800, 0x000001d22ad52800, 0x000001d22e5c4800, 0x000001d22ad54800,
0x000001d22ed9e800, 0x000001d22ad51000, 0x000001d22ed99800, 0x000001d22e5c1000,
0x000001d22e5c0800, 0x000001d22e5bf800, 0x000001d22e5c3800, 0x000001d22e5be000,
0x000001d2297bf000, 0x000001d2297c0000, 0x000001d22eda1000, 0x000001d22ed9d000,
0x000001d22e55a000, 0x000001d22e54d800, 0x000001d22ad4e000, 0x000001d22ed95800,
0x000001d22ed97000, 0x000001d22ed94000, 0x000001d22ed93000, 0x000001d22ed96800,
0x000001d22ed98000, 0x000001d22ed98800, 0x000001d22ed9a800, 0x000001d22ed94800,
0x000001d22ed9d800, 0x000001d22ed9f000, 0x000001d22eda0000, 0x000001d22ed9b000,
0x000001d22ed9c000, 0x000001d22e54e800, 0x000001d22e554000, 0x000001d22e555000,
0x000001d22e54f800, 0x000001d22e556000, 0x000001d22e550000, 0x000001d22e556800,
0x000001d22e551000, 0x000001d22e557800, 0x000001d22e558800, 0x000001d22e55b000,
0x000001d22ad52000, 0x000001d22ad4d000, 0x000001d22ad5b000, 0x000001d22ad55000,
0x000001d22ad5a000, 0x000001d22ad58800, 0x000001d22ad57000, 0x000001d22ad57800,
0x000001d22ad56000, 0x000001d22ad59000, 0x000001d22ad5b800, 0x000001d22a9f4800,
0x000001d22a9ee800, 0x000001d22a9f3000, 0x000001d22a9f1000, 0x000001d22a9f2000,
0x000001d22a9f5800, 0x000001d22a9f0800, 0x000001d22a9ef800, 0x000001d22a9f7800,
0x000001d229aee000, 0x000001d229aeb800, 0x000001d229af8000, 0x000001d229af8800
}

Java Threads: ( => current thread )
  0x000001d209d7d800 JavaThread "main" [_thread_blocked, id=13096, stack(0x0000009c0b500000,0x0000009c0b600000)]
  0x000001d226e53000 JavaThread "Reference Handler" daemon [_thread_blocked, id=9536, stack(0x0000009c0bc00000,0x0000009c0bd00000)]
  0x000001d226e58800 JavaThread "Finalizer" daemon [_thread_blocked, id=13984, stack(0x0000009c0bd00000,0x0000009c0be00000)]
  0x000001d226e78800 JavaThread "Signal Dispatcher" daemon [_thread_blocked, id=7476, stack(0x0000009c0be00000,0x0000009c0bf00000)]
  0x000001d226e7b000 JavaThread "Attach Listener" daemon [_thread_blocked, id=13516, stack(0x0000009c0bf00000,0x0000009c0c000000)]
  0x000001d226e7c000 JavaThread "Service Thread" daemon [_thread_blocked, id=8680, stack(0x0000009c0c000000,0x0000009c0c100000)]
=>0x000001d226e7d000 JavaThread "C2 CompilerThread0" daemon [_thread_in_native, id=10428, stack(0x0000009c0c100000,0x0000009c0c200000)]
  0x000001d226e7e800 JavaThread "C1 CompilerThread0" daemon [_thread_blocked, id=10564, stack(0x0000009c0c200000,0x0000009c0c300000)]
  0x000001d226e7f800 JavaThread "Sweeper thread" daemon [_thread_blocked, id=13548, stack(0x0000009c0c300000,0x0000009c0c400000)]
  0x000001d22703c000 JavaThread "Common-Cleaner" daemon [_thread_blocked, id=3752, stack(0x0000009c0c400000,0x0000009c0c500000)]
  0x000001d228e5f000 JavaThread "Daemon health stats" [_thread_blocked, id=10964, stack(0x0000009c0cd00000,0x0000009c0ce00000)]
  0x000001d2299e2800 JavaThread "Incoming local TCP Connector on port 53610" [_thread_in_native, id=9224, stack(0x0000009c0ce00000,0x0000009c0cf00000)]
  0x000001d2296d4800 JavaThread "Daemon periodic checks" [_thread_blocked, id=5616, stack(0x0000009c0cf00000,0x0000009c0d000000)]
  0x000001d2297be800 JavaThread "Cache worker for file hash cache (C:\Users\aleks\.gradle\caches\7.0.2\fileHashes)" [_thread_blocked, id=4784, stack(0x0000009c0d700000,0x0000009c0d800000)]
  0x000001d2297c1000 JavaThread "File lock request listener" [_thread_in_native, id=11184, stack(0x0000009c0d800000,0x0000009c0d900000)]
  0x000001d229aec800 JavaThread "Cache worker for journal cache (C:\Users\aleks\.gradle\caches\journal-1)" [_thread_blocked, id=11172, stack(0x0000009c0df00000,0x0000009c0e000000)]
  0x000001d229aed800 JavaThread "File watcher server" daemon [_thread_in_native, id=7752, stack(0x0000009c0e000000,0x0000009c0e100000)]
  0x000001d229aeb000 JavaThread "File watcher consumer" daemon [_thread_blocked, id=7156, stack(0x0000009c0e100000,0x0000009c0e200000)]
  0x000001d229af0800 JavaThread "Cache worker for execution history cache (C:\Users\aleks\.gradle\caches\7.0.2\executionHistory)" [_thread_blocked, id=10640, stack(0x0000009c0e500000,0x0000009c0e600000)]
  0x000001d229af5800 JavaThread "jar transforms" [_thread_blocked, id=6704, stack(0x0000009c0e700000,0x0000009c0e800000)]
  0x000001d229af3000 JavaThread "jar transforms Thread 2" [_thread_blocked, id=2940, stack(0x0000009c0e800000,0x0000009c0e900000)]
  0x000001d229af6800 JavaThread "Cache worker for file content cache (C:\Users\aleks\.gradle\caches\7.0.2\fileContent)" [_thread_blocked, id=1452, stack(0x0000009c0e900000,0x0000009c0ea00000)]
  0x000001d229af2000 JavaThread "jar transforms Thread 3" [_thread_blocked, id=6852, stack(0x0000009c0eb00000,0x0000009c0ec00000)]
  0x000001d22a9fb000 JavaThread "jar transforms Thread 4" [_thread_blocked, id=7664, stack(0x0000009c0f900000,0x0000009c0fa00000)]
  0x000001d22a9fc000 JavaThread "jar transforms Thread 5" [_thread_blocked, id=12268, stack(0x0000009c0fa00000,0x0000009c0fb00000)]
  0x000001d22a9f6000 JavaThread "jar transforms Thread 6" [_thread_blocked, id=3452, stack(0x0000009c0fb00000,0x0000009c0fc00000)]
  0x000001d22a9f7000 JavaThread "jar transforms Thread 7" [_thread_blocked, id=9324, stack(0x0000009c0fc00000,0x0000009c0fd00000)]
  0x000001d22a9fc800 JavaThread "jar transforms Thread 8" [_thread_blocked, id=2956, stack(0x0000009c0fd00000,0x0000009c0fe00000)]
  0x000001d22a9f8800 JavaThread "jar transforms Thread 9" [_thread_blocked, id=1392, stack(0x0000009c0fe00000,0x0000009c0ff00000)]
  0x000001d22a9f9800 JavaThread "jar transforms Thread 10" [_thread_blocked, id=8180, stack(0x0000009c0ff00000,0x0000009c10000000)]
  0x000001d22a9fa000 JavaThread "jar transforms Thread 11" [_thread_blocked, id=7100, stack(0x0000009c10000000,0x0000009c10100000)]
  0x000001d22ad4e800 JavaThread "jar transforms Thread 12" [_thread_blocked, id=6596, stack(0x0000009c10100000,0x0000009c10200000)]
  0x000001d22ad50800 JavaThread "Memory manager" [_thread_blocked, id=1936, stack(0x0000009c0e600000,0x0000009c0e700000)]
  0x000001d22ad52800 JavaThread "pool-3-thread-1" [_thread_blocked, id=8320, stack(0x0000009c10400000,0x0000009c10500000)]
  0x000001d22e5c4800 JavaThread "Cache worker for Java compile cache (C:\Users\aleks\.gradle\caches\7.0.2\javaCompile)" [_thread_blocked, id=3560, stack(0x0000009c11700000,0x0000009c11800000)]
  0x000001d22ad54800 JavaThread "pool-8-thread-1" [_thread_blocked, id=9484, stack(0x0000009c10500000,0x0000009c10600000)]
  0x000001d22ed9e800 JavaThread "pool-11-thread-1" [_thread_blocked, id=13300, stack(0x0000009c0f800000,0x0000009c0f900000)]
  0x000001d22ad51000 JavaThread "pool-15-thread-1" [_thread_blocked, id=10248, stack(0x0000009c10200000,0x0000009c10300000)]
  0x000001d22ed99800 JavaThread "pool-18-thread-1" [_thread_blocked, id=8468, stack(0x0000009c10300000,0x0000009c10400000)]
  0x000001d22e5c1000 JavaThread "ForkJoinPool.commonPool-worker-23" daemon [_thread_blocked, id=7136, stack(0x0000009c12600000,0x0000009c12700000)]
  0x000001d22e5c0800 JavaThread "ForkJoinPool.commonPool-worker-31" daemon [_thread_blocked, id=12696, stack(0x0000009c12900000,0x0000009c12a00000)]
  0x000001d22e5bf800 JavaThread "ForkJoinPool.commonPool-worker-19" daemon [_thread_blocked, id=624, stack(0x0000009c12a00000,0x0000009c12b00000)]
  0x000001d22e5c3800 JavaThread "ForkJoinPool.commonPool-worker-13" daemon [_thread_blocked, id=8376, stack(0x0000009c12c00000,0x0000009c12d00000)]
  0x000001d22e5be000 JavaThread "ForkJoinPool.commonPool-worker-3" daemon [_thread_blocked, id=3236, stack(0x0000009c12d00000,0x0000009c12e00000)]
  0x000001d2297bf000 JavaThread "ForkJoinPool.commonPool-worker-21" daemon [_thread_blocked, id=6136, stack(0x0000009c12e00000,0x0000009c12f00000)]
  0x000001d2297c0000 JavaThread "ForkJoinPool.commonPool-worker-7" daemon [_thread_blocked, id=6340, stack(0x0000009c12f00000,0x0000009c13000000)]
  0x000001d22eda1000 JavaThread "pool-23-thread-1" [_thread_blocked, id=13240, stack(0x0000009c10600000,0x0000009c10700000)]
  0x000001d22ed9d000 JavaThread "pool-26-thread-1" [_thread_blocked, id=9888, stack(0x0000009c10700000,0x0000009c10800000)]
  0x000001d22e55a000 JavaThread "pool-30-thread-1" [_thread_blocked, id=1436, stack(0x0000009c10800000,0x0000009c10900000)]
  0x000001d22e54d800 JavaThread "pool-33-thread-1" [_thread_blocked, id=3460, stack(0x0000009c10900000,0x0000009c10a00000)]
  0x000001d22ad4e000 JavaThread "pool-36-thread-1" [_thread_blocked, id=11188, stack(0x0000009c10a00000,0x0000009c10b00000)]
  0x000001d22ed95800 JavaThread "Daemon Thread 5" [_thread_blocked, id=2212, stack(0x0000009c0b200000,0x0000009c0b300000)]
  0x000001d22ed97000 JavaThread "Handler for socket connection from /127.0.0.1:53610 to /127.0.0.1:54150" [_thread_in_native, id=13356, stack(0x0000009c0b300000,0x0000009c0b400000)]
  0x000001d22ed94000 JavaThread "Cancel handler" [_thread_blocked, id=4912, stack(0x0000009c0b400000,0x0000009c0b500000)]
  0x000001d22ed93000 JavaThread "Daemon worker Thread 5" [_thread_blocked, id=7200, stack(0x0000009c0c600000,0x0000009c0c700000)]
  0x000001d22ed96800 JavaThread "Asynchronous log dispatcher for DefaultDaemonConnection: socket connection from /127.0.0.1:53610 to /127.0.0.1:54150" [_thread_blocked, id=9108, stack(0x0000009c0c700000,0x0000009c0c800000)]
  0x000001d22ed98000 JavaThread "Stdin handler" [_thread_blocked, id=3284, stack(0x0000009c0d000000,0x0000009c0d100000)]
  0x000001d22ed98800 JavaThread "Daemon client event forwarder" [_thread_blocked, id=9172, stack(0x0000009c0d100000,0x0000009c0d200000)]
  0x000001d22ed9a800 JavaThread "Cache worker for file hash cache (C:\Users\aleks\AndroidStudioProjects\VKR\.gradle\7.0.2\fileHashes)" [_thread_blocked, id=2016, stack(0x0000009c0d200000,0x0000009c0d300000)]
  0x000001d22ed94800 JavaThread "Cache worker for checksums cache (C:\Users\aleks\AndroidStudioProjects\VKR\.gradle\checksums)" [_thread_blocked, id=10496, stack(0x0000009c0d300000,0x0000009c0d400000)]
  0x000001d22ed9d800 JavaThread "Cache worker for cache directory md-supplier (C:\Users\aleks\.gradle\caches\7.0.2\md-supplier)" [_thread_blocked, id=13896, stack(0x0000009c0d400000,0x0000009c0d500000)]
  0x000001d22ed9f000 JavaThread "Cache worker for cache directory md-rule (C:\Users\aleks\.gradle\caches\7.0.2\md-rule)" [_thread_blocked, id=2080, stack(0x0000009c0d500000,0x0000009c0d600000)]
  0x000001d22eda0000 JavaThread "Cache worker for dependencies-accessors (C:\Users\aleks\AndroidStudioProjects\VKR\.gradle\7.0.2\dependencies-accessors)" [_thread_blocked, id=4740, stack(0x0000009c0d600000,0x0000009c0d700000)]
  0x000001d22ed9b000 JavaThread "Cache worker for Build Output Cleanup Cache (C:\Users\aleks\AndroidStudioProjects\VKR\.gradle\buildOutputCleanup)" [_thread_blocked, id=4332, stack(0x0000009c0e200000,0x0000009c0e300000)]
  0x000001d22ed9c000 JavaThread "Build operations" [_thread_blocked, id=8016, stack(0x0000009c0e400000,0x0000009c0e500000)]
  0x000001d22e54e800 JavaThread "Build operations Thread 2" [_thread_blocked, id=8208, stack(0x0000009c0ea00000,0x0000009c0eb00000)]
  0x000001d22e554000 JavaThread "Build operations Thread 3" [_thread_blocked, id=6700, stack(0x0000009c0ec00000,0x0000009c0ed00000)]
  0x000001d22e555000 JavaThread "Build operations Thread 4" [_thread_blocked, id=4324, stack(0x0000009c0ed00000,0x0000009c0ee00000)]
  0x000001d22e54f800 JavaThread "Build operations Thread 5" [_thread_blocked, id=10128, stack(0x0000009c0ee00000,0x0000009c0ef00000)]
  0x000001d22e556000 JavaThread "Build operations Thread 6" [_thread_blocked, id=12452, stack(0x0000009c0ef00000,0x0000009c0f000000)]
  0x000001d22e550000 JavaThread "Build operations Thread 7" [_thread_blocked, id=2428, stack(0x0000009c0f000000,0x0000009c0f100000)]
  0x000001d22e556800 JavaThread "Build operations Thread 8" [_thread_blocked, id=3476, stack(0x0000009c0f100000,0x0000009c0f200000)]
  0x000001d22e551000 JavaThread "Build operations Thread 9" [_thread_blocked, id=1788, stack(0x0000009c0f200000,0x0000009c0f300000)]
  0x000001d22e557800 JavaThread "Build operations Thread 10" [_thread_blocked, id=10512, stack(0x0000009c0f300000,0x0000009c0f400000)]
  0x000001d22e558800 JavaThread "Build operations Thread 11" [_thread_blocked, id=14176, stack(0x0000009c0f400000,0x0000009c0f500000)]
  0x000001d22e55b000 JavaThread "Build operations Thread 12" [_thread_blocked, id=1428, stack(0x0000009c0f500000,0x0000009c0f600000)]
  0x000001d22ad52000 JavaThread "build event listener" [_thread_blocked, id=2272, stack(0x0000009c0f700000,0x0000009c0f800000)]
  0x000001d22ad4d000 JavaThread "pool-41-thread-1" [_thread_blocked, id=9956, stack(0x0000009c10b00000,0x0000009c10c00000)]
  0x000001d22ad5b000 JavaThread "build event listener" [_thread_blocked, id=9896, stack(0x0000009c10c00000,0x0000009c10d00000)]
  0x000001d22ad55000 JavaThread "Execution worker for ':'" [_thread_in_vm, id=11424, stack(0x0000009c10d00000,0x0000009c10e00000)]
  0x000001d22ad5a000 JavaThread "Execution worker for ':' Thread 2" [_thread_blocked, id=3344, stack(0x0000009c10e00000,0x0000009c10f00000)]
  0x000001d22ad58800 JavaThread "Execution worker for ':' Thread 3" [_thread_blocked, id=7096, stack(0x0000009c10f00000,0x0000009c11000000)]
  0x000001d22ad57000 JavaThread "Execution worker for ':' Thread 4" [_thread_blocked, id=11888, stack(0x0000009c11000000,0x0000009c11100000)]
  0x000001d22ad57800 JavaThread "Execution worker for ':' Thread 5" [_thread_blocked, id=9884, stack(0x0000009c11100000,0x0000009c11200000)]
  0x000001d22ad56000 JavaThread "Execution worker for ':' Thread 6" [_thread_blocked, id=7868, stack(0x0000009c11200000,0x0000009c11300000)]
  0x000001d22ad59000 JavaThread "Execution worker for ':' Thread 7" [_thread_blocked, id=3952, stack(0x0000009c11300000,0x0000009c11400000)]
  0x000001d22ad5b800 JavaThread "Execution worker for ':' Thread 8" [_thread_blocked, id=8372, stack(0x0000009c11400000,0x0000009c11500000)]
  0x000001d22a9f4800 JavaThread "Execution worker for ':' Thread 9" [_thread_blocked, id=4960, stack(0x0000009c11500000,0x0000009c11600000)]
  0x000001d22a9ee800 JavaThread "Execution worker for ':' Thread 10" [_thread_blocked, id=10700, stack(0x0000009c11600000,0x0000009c11700000)]
  0x000001d22a9f3000 JavaThread "Execution worker for ':' Thread 11" [_thread_blocked, id=2356, stack(0x0000009c11800000,0x0000009c11900000)]
  0x000001d22a9f1000 JavaThread "Cache worker for execution history cache (C:\Users\aleks\AndroidStudioProjects\VKR\.gradle\7.0.2\executionHistory)" [_thread_blocked, id=6312, stack(0x0000009c11900000,0x0000009c11a00000)]
  0x000001d22a9f2000 JavaThread "WorkerExecutor Queue" [_thread_blocked, id=1696, stack(0x0000009c11a00000,0x0000009c11b00000)]
  0x000001d22a9f5800 JavaThread "WorkerExecutor Queue Thread 2" [_thread_blocked, id=9900, stack(0x0000009c11b00000,0x0000009c11c00000)]
  0x000001d22a9f0800 JavaThread "WorkerExecutor Queue Thread 3" [_thread_blocked, id=9232, stack(0x0000009c11c00000,0x0000009c11d00000)]
  0x000001d22a9ef800 JavaThread "pool-42-thread-1" [_thread_blocked, id=4292, stack(0x0000009c11d00000,0x0000009c11e00000)]
  0x000001d22a9f7800 JavaThread "stderr" [_thread_in_native, id=5844, stack(0x0000009c11e00000,0x0000009c11f00000)]
  0x000001d229aee000 JavaThread "stdout" [_thread_in_native, id=5848, stack(0x0000009c11f00000,0x0000009c12000000)]
  0x000001d229aeb800 JavaThread "C2 CompilerThread1" daemon [_thread_in_native, id=5960, stack(0x0000009c0e300000,0x0000009c0e400000)]
  0x000001d229af8000 JavaThread "C2 CompilerThread2" daemon [_thread_in_native, id=2604, stack(0x0000009c0f600000,0x0000009c0f700000)]
  0x000001d229af8800 JavaThread "Cache worker for Java compile cache (C:\Users\aleks\AndroidStudioProjects\VKR\.gradle\7.0.2\javaCompile)" [_thread_blocked, id=5012, stack(0x0000009c12000000,0x0000009c12100000)]

Other Threads:
  0x000001d226e51800 VMThread "VM Thread" [stack: 0x0000009c0bb00000,0x0000009c0bc00000] [id=2992]
  0x000001d227057000 WatcherThread [stack: 0x0000009c0c500000,0x0000009c0c600000] [id=6972]
  0x000001d209d96800 GCTaskThread "GC Thread#0" [stack: 0x0000009c0b600000,0x0000009c0b700000] [id=7316]
  0x000001d227c18000 GCTaskThread "GC Thread#1" [stack: 0x0000009c0c800000,0x0000009c0c900000] [id=7860]
  0x000001d227c19800 GCTaskThread "GC Thread#2" [stack: 0x0000009c0c900000,0x0000009c0ca00000] [id=10408]
  0x000001d227c1b000 GCTaskThread "GC Thread#3" [stack: 0x0000009c0ca00000,0x0000009c0cb00000] [id=3576]
  0x000001d227c1a800 GCTaskThread "GC Thread#4" [stack: 0x0000009c0cb00000,0x0000009c0cc00000] [id=13656]
  0x000001d227c1e000 GCTaskThread "GC Thread#5" [stack: 0x0000009c0cc00000,0x0000009c0cd00000] [id=3436]
  0x000001d227c1c000 GCTaskThread "GC Thread#6" [stack: 0x0000009c0d900000,0x0000009c0da00000] [id=3592]
  0x000001d227c1f800 GCTaskThread "GC Thread#7" [stack: 0x0000009c0da00000,0x0000009c0db00000] [id=9176]
  0x000001d227c1e800 GCTaskThread "GC Thread#8" [stack: 0x0000009c0db00000,0x0000009c0dc00000] [id=4592]
  0x000001d227c1c800 GCTaskThread "GC Thread#9" [stack: 0x0000009c0dc00000,0x0000009c0dd00000] [id=13284]
  0x000001d209dc9800 ConcurrentGCThread "G1 Main Marker" [stack: 0x0000009c0b700000,0x0000009c0b800000] [id=14032]
  0x000001d209dcb800 ConcurrentGCThread "G1 Conc#0" [stack: 0x0000009c0b800000,0x0000009c0b900000] [id=14320]
  0x000001d227c1d800 ConcurrentGCThread "G1 Conc#1" [stack: 0x0000009c0dd00000,0x0000009c0de00000] [id=7660]
  0x000001d227c19000 ConcurrentGCThread "G1 Conc#2" [stack: 0x0000009c0de00000,0x0000009c0df00000] [id=5668]
  0x000001d2264a0800 ConcurrentGCThread "G1 Refine#0" [stack: 0x0000009c0b900000,0x0000009c0ba00000] [id=4800]
  0x000001d2264a1800 ConcurrentGCThread "G1 Young RemSet Sampling" [stack: 0x0000009c0ba00000,0x0000009c0bb00000] [id=5152]

Threads with active compile tasks:
C2 CompilerThread01610227 26563       4       com.sun.tools.javac.parser.JavacParser::blockStatement (604 bytes)
C2 CompilerThread11610227 26566 %     4       jdk.nio.zipfs.ZipFileSystem::initCEN @ 188 (411 bytes)
C2 CompilerThread21610227 26531       4       org.objectweb.asm.ClassReader::readCode (5109 bytes)

VM state:not at safepoint (normal execution)

VM Mutex/Monitor currently owned by a thread: None

Heap address: 0x0000000080000000, size: 2048 MB, Compressed Oops mode: 32-bit
Narrow klass base: 0x0000000000000000, Narrow klass shift: 3
Compressed class space size: 1073741824 Address: 0x0000000100000000

Heap:
 garbage-first heap   total 262144K, used 146748K [0x0000000080000000, 0x0000000100000000)
  region size 1024K, 39 young (39936K), 1 survivors (1024K)
 Metaspace       used 130651K, capacity 134486K, committed 136300K, reserved 1167360K
  class space    used 15963K, capacity 17427K, committed 18124K, reserved 1048576K
Heap Regions: E=young(eden), S=young(survivor), O=old, HS=humongous(starts), HC=humongous(continues), CS=collection set, F=free, A=archive, TAMS=top-at-mark-start (previous, next)
|   0|0x0000000080000000, 0x0000000080100000, 0x0000000080100000|100%| O|  |TAMS 0x0000000080100000, 0x0000000080000000| Untracked 
|   1|0x0000000080100000, 0x0000000080200000, 0x0000000080200000|100%| O|  |TAMS 0x0000000080200000, 0x0000000080100000| Untracked 
|   2|0x0000000080200000, 0x0000000080300000, 0x0000000080300000|100%| O|  |TAMS 0x0000000080300000, 0x0000000080200000| Untracked 
|   3|0x0000000080300000, 0x0000000080400000, 0x0000000080400000|100%|HS|  |TAMS 0x0000000080400000, 0x0000000080300000| Complete 
|   4|0x0000000080400000, 0x0000000080500000, 0x0000000080500000|100%|HC|  |TAMS 0x0000000080500000, 0x0000000080400000| Complete 
|   5|0x0000000080500000, 0x0000000080600000, 0x0000000080600000|100%|HC|  |TAMS 0x0000000080600000, 0x0000000080500000| Complete 
|   6|0x0000000080600000, 0x0000000080700000, 0x0000000080700000|100%| O|  |TAMS 0x0000000080700000, 0x0000000080600000| Untracked 
|   7|0x0000000080700000, 0x0000000080800000, 0x0000000080800000|100%| O|  |TAMS 0x0000000080800000, 0x0000000080700000| Untracked 
|   8|0x0000000080800000, 0x0000000080900000, 0x0000000080900000|100%| O|  |TAMS 0x0000000080900000, 0x0000000080800000| Untracked 
|   9|0x0000000080900000, 0x0000000080a00000, 0x0000000080a00000|100%| O|  |TAMS 0x0000000080a00000, 0x0000000080900000| Untracked 
|  10|0x0000000080a00000, 0x0000000080b00000, 0x0000000080b00000|100%| O|  |TAMS 0x0000000080b00000, 0x0000000080a00000| Untracked 
|  11|0x0000000080b00000, 0x0000000080c00000, 0x0000000080c00000|100%| O|  |TAMS 0x0000000080c00000, 0x0000000080b00000| Untracked 
|  12|0x0000000080c00000, 0x0000000080d00000, 0x0000000080d00000|100%| O|  |TAMS 0x0000000080d00000, 0x0000000080c00000| Untracked 
|  13|0x0000000080d00000, 0x0000000080e00000, 0x0000000080e00000|100%| O|  |TAMS 0x0000000080e00000, 0x0000000080d00000| Untracked 
|  14|0x0000000080e00000, 0x0000000080f00000, 0x0000000080f00000|100%| O|  |TAMS 0x0000000080f00000, 0x0000000080e00000| Untracked 
|  15|0x0000000080f00000, 0x0000000081000000, 0x0000000081000000|100%| O|  |TAMS 0x0000000081000000, 0x0000000080f00000| Untracked 
|  16|0x0000000081000000, 0x0000000081100000, 0x0000000081100000|100%|HS|  |TAMS 0x0000000081100000, 0x0000000081000000| Complete 
|  17|0x0000000081100000, 0x0000000081200000, 0x0000000081200000|100%|HS|  |TAMS 0x0000000081200000, 0x0000000081100000| Complete 
|  18|0x0000000081200000, 0x0000000081300000, 0x0000000081300000|100%|HS|  |TAMS 0x0000000081300000, 0x0000000081200000| Complete 
|  19|0x0000000081300000, 0x0000000081400000, 0x0000000081400000|100%|HC|  |TAMS 0x0000000081400000, 0x0000000081300000| Complete 
|  20|0x0000000081400000, 0x0000000081500000, 0x0000000081500000|100%| O|  |TAMS 0x0000000081500000, 0x0000000081400000| Untracked 
|  21|0x0000000081500000, 0x0000000081600000, 0x0000000081600000|100%| O|  |TAMS 0x0000000081600000, 0x0000000081500000| Untracked 
|  22|0x0000000081600000, 0x0000000081700000, 0x0000000081700000|100%| O|  |TAMS 0x0000000081700000, 0x0000000081600000| Untracked 
|  23|0x0000000081700000, 0x0000000081800000, 0x0000000081800000|100%| O|  |TAMS 0x0000000081800000, 0x0000000081700000| Untracked 
|  24|0x0000000081800000, 0x0000000081900000, 0x0000000081900000|100%| O|  |TAMS 0x0000000081900000, 0x0000000081800000| Untracked 
|  25|0x0000000081900000, 0x0000000081a00000, 0x0000000081a00000|100%| O|  |TAMS 0x0000000081a00000, 0x0000000081900000| Untracked 
|  26|0x0000000081a00000, 0x0000000081b00000, 0x0000000081b00000|100%| O|  |TAMS 0x0000000081b00000, 0x0000000081a00000| Untracked 
|  27|0x0000000081b00000, 0x0000000081c00000, 0x0000000081c00000|100%| O|  |TAMS 0x0000000081c00000, 0x0000000081b00000| Untracked 
|  28|0x0000000081c00000, 0x0000000081d00000, 0x0000000081d00000|100%| O|  |TAMS 0x0000000081d00000, 0x0000000081c00000| Untracked 
|  29|0x0000000081d00000, 0x0000000081e00000, 0x0000000081e00000|100%| O|  |TAMS 0x0000000081e00000, 0x0000000081d00000| Untracked 
|  30|0x0000000081e00000, 0x0000000081f00000, 0x0000000081f00000|100%| O|  |TAMS 0x0000000081f00000, 0x0000000081e00000| Untracked 
|  31|0x0000000081f00000, 0x0000000082000000, 0x0000000082000000|100%| O|  |TAMS 0x0000000082000000, 0x0000000081f00000| Untracked 
|  32|0x0000000082000000, 0x0000000082100000, 0x0000000082100000|100%| O|  |TAMS 0x0000000082100000, 0x0000000082000000| Untracked 
|  33|0x0000000082100000, 0x0000000082200000, 0x0000000082200000|100%| O|  |TAMS 0x0000000082200000, 0x0000000082100000| Untracked 
|  34|0x0000000082200000, 0x0000000082300000, 0x0000000082300000|100%| O|  |TAMS 0x0000000082300000, 0x0000000082200000| Untracked 
|  35|0x0000000082300000, 0x0000000082400000, 0x0000000082400000|100%| O|  |TAMS 0x0000000082400000, 0x0000000082300000| Untracked 
|  36|0x0000000082400000, 0x0000000082500000, 0x0000000082500000|100%| O|  |TAMS 0x0000000082500000, 0x0000000082400000| Untracked 
|  37|0x0000000082500000, 0x0000000082600000, 0x0000000082600000|100%| O|  |TAMS 0x0000000082600000, 0x0000000082500000| Untracked 
|  38|0x0000000082600000, 0x0000000082700000, 0x0000000082700000|100%| O|  |TAMS 0x0000000082700000, 0x0000000082600000| Untracked 
|  39|0x0000000082700000, 0x0000000082800000, 0x0000000082800000|100%| O|  |TAMS 0x0000000082800000, 0x0000000082700000| Untracked 
|  40|0x0000000082800000, 0x0000000082900000, 0x0000000082900000|100%| O|  |TAMS 0x0000000082900000, 0x0000000082800000| Untracked 
|  41|0x0000000082900000, 0x0000000082a00000, 0x0000000082a00000|100%| O|  |TAMS 0x0000000082a00000, 0x0000000082900000| Untracked 
|  42|0x0000000082a00000, 0x0000000082b00000, 0x0000000082b00000|100%| O|  |TAMS 0x0000000082b00000, 0x0000000082a00000| Untracked 
|  43|0x0000000082b00000, 0x0000000082c00000, 0x0000000082c00000|100%| O|  |TAMS 0x0000000082c00000, 0x0000000082b00000| Untracked 
|  44|0x0000000082c00000, 0x0000000082d00000, 0x0000000082d00000|100%| O|  |TAMS 0x0000000082d00000, 0x0000000082c00000| Untracked 
|  45|0x0000000082d00000, 0x0000000082e00000, 0x0000000082e00000|100%| O|  |TAMS 0x0000000082e00000, 0x0000000082d00000| Untracked 
|  46|0x0000000082e00000, 0x0000000082f00000, 0x0000000082f00000|100%| O|  |TAMS 0x0000000082f00000, 0x0000000082e00000| Untracked 
|  47|0x0000000082f00000, 0x0000000083000000, 0x0000000083000000|100%| O|  |TAMS 0x0000000083000000, 0x0000000082f00000| Untracked 
|  48|0x0000000083000000, 0x0000000083100000, 0x0000000083100000|100%| O|  |TAMS 0x0000000083100000, 0x0000000083000000| Untracked 
|  49|0x0000000083100000, 0x0000000083200000, 0x0000000083200000|100%| O|  |TAMS 0x0000000083200000, 0x0000000083100000| Untracked 
|  50|0x0000000083200000, 0x0000000083300000, 0x0000000083300000|100%| O|  |TAMS 0x0000000083300000, 0x0000000083200000| Untracked 
|  51|0x0000000083300000, 0x0000000083400000, 0x0000000083400000|100%| O|  |TAMS 0x0000000083400000, 0x0000000083300000| Untracked 
|  52|0x0000000083400000, 0x0000000083400000, 0x0000000083500000|  0%| F|  |TAMS 0x0000000083400000, 0x0000000083400000| Untracked 
|  53|0x0000000083500000, 0x0000000083600000, 0x0000000083600000|100%| O|  |TAMS 0x0000000083600000, 0x0000000083500000| Untracked 
|  54|0x0000000083600000, 0x0000000083700000, 0x0000000083700000|100%| O|  |TAMS 0x0000000083700000, 0x0000000083600000| Untracked 
|  55|0x0000000083700000, 0x0000000083800000, 0x0000000083800000|100%| O|  |TAMS 0x0000000083800000, 0x0000000083700000| Untracked 
|  56|0x0000000083800000, 0x0000000083900000, 0x0000000083900000|100%| O|  |TAMS 0x0000000083900000, 0x0000000083800000| Untracked 
|  57|0x0000000083900000, 0x0000000083a00000, 0x0000000083a00000|100%| O|  |TAMS 0x0000000083a00000, 0x0000000083900000| Untracked 
|  58|0x0000000083a00000, 0x0000000083b00000, 0x0000000083b00000|100%| O|  |TAMS 0x0000000083b00000, 0x0000000083a00000| Untracked 
|  59|0x0000000083b00000, 0x0000000083c00000, 0x0000000083c00000|100%| O|  |TAMS 0x0000000083c00000, 0x0000000083b00000| Untracked 
|  60|0x0000000083c00000, 0x0000000083d00000, 0x0000000083d00000|100%| O|  |TAMS 0x0000000083c00000, 0x0000000083c00000| Untracked 
|  61|0x0000000083d00000, 0x0000000083e00000, 0x0000000083e00000|100%| O|  |TAMS 0x0000000083d00000, 0x0000000083d00000| Untracked 
|  62|0x0000000083e00000, 0x0000000083f00000, 0x0000000083f00000|100%| O|  |TAMS 0x0000000083f00000, 0x0000000083e00000| Untracked 
|  63|0x0000000083f00000, 0x0000000084000000, 0x0000000084000000|100%| O|  |TAMS 0x0000000084000000, 0x0000000083f00000| Untracked 
|  64|0x0000000084000000, 0x0000000084100000, 0x0000000084100000|100%| O|  |TAMS 0x0000000084100000, 0x0000000084000000| Untracked 
|  65|0x0000000084100000, 0x0000000084200000, 0x0000000084200000|100%| O|  |TAMS 0x0000000084200000, 0x0000000084100000| Untracked 
|  66|0x0000000084200000, 0x0000000084300000, 0x0000000084300000|100%| O|  |TAMS 0x0000000084300000, 0x0000000084200000| Untracked 
|  67|0x0000000084300000, 0x0000000084400000, 0x0000000084400000|100%| O|  |TAMS 0x0000000084400000, 0x0000000084300000| Untracked 
|  68|0x0000000084400000, 0x0000000084500000, 0x0000000084500000|100%| O|  |TAMS 0x0000000084500000, 0x0000000084400000| Untracked 
|  69|0x0000000084500000, 0x0000000084600000, 0x0000000084600000|100%| O|  |TAMS 0x0000000084600000, 0x0000000084500000| Untracked 
|  70|0x0000000084600000, 0x0000000084700000, 0x0000000084700000|100%| O|  |TAMS 0x0000000084700000, 0x0000000084600000| Untracked 
|  71|0x0000000084700000, 0x0000000084800000, 0x0000000084800000|100%| O|  |TAMS 0x0000000084800000, 0x0000000084700000| Untracked 
|  72|0x0000000084800000, 0x0000000084900000, 0x0000000084900000|100%| O|  |TAMS 0x0000000084900000, 0x0000000084800000| Untracked 
|  73|0x0000000084900000, 0x0000000084a00000, 0x0000000084a00000|100%| O|  |TAMS 0x0000000084a00000, 0x0000000084900000| Untracked 
|  74|0x0000000084a00000, 0x0000000084b00000, 0x0000000084b00000|100%| O|  |TAMS 0x0000000084b00000, 0x0000000084a00000| Untracked 
|  75|0x0000000084b00000, 0x0000000084c00000, 0x0000000084c00000|100%| O|  |TAMS 0x0000000084c00000, 0x0000000084b00000| Untracked 
|  76|0x0000000084c00000, 0x0000000084d00000, 0x0000000084d00000|100%| O|  |TAMS 0x0000000084d00000, 0x0000000084c00000| Untracked 
|  77|0x0000000084d00000, 0x0000000084e00000, 0x0000000084e00000|100%| O|  |TAMS 0x0000000084e00000, 0x0000000084d00000| Untracked 
|  78|0x0000000084e00000, 0x0000000084e00000, 0x0000000084f00000|  0%| F|  |TAMS 0x0000000084e00000, 0x0000000084e00000| Untracked 
|  79|0x0000000084f00000, 0x0000000085000000, 0x0000000085000000|100%| O|  |TAMS 0x0000000085000000, 0x0000000084f00000| Untracked 
|  80|0x0000000085000000, 0x0000000085100000, 0x0000000085100000|100%| O|  |TAMS 0x0000000085100000, 0x0000000085000000| Untracked 
|  81|0x0000000085100000, 0x0000000085200000, 0x0000000085200000|100%| O|  |TAMS 0x0000000085200000, 0x0000000085100000| Untracked 
|  82|0x0000000085200000, 0x0000000085300000, 0x0000000085300000|100%| O|  |TAMS 0x0000000085300000, 0x0000000085200000| Untracked 
|  83|0x0000000085300000, 0x0000000085400000, 0x0000000085400000|100%| O|  |TAMS 0x0000000085300000, 0x0000000085300000| Untracked 
|  84|0x0000000085400000, 0x0000000085500000, 0x0000000085500000|100%| O|  |TAMS 0x0000000085400000, 0x0000000085400000| Untracked 
|  85|0x0000000085500000, 0x0000000085600000, 0x0000000085600000|100%| O|  |TAMS 0x0000000085600000, 0x0000000085500000| Untracked 
|  86|0x0000000085600000, 0x0000000085700000, 0x0000000085700000|100%| O|  |TAMS 0x0000000085600000, 0x0000000085600000| Untracked 
|  87|0x0000000085700000, 0x0000000085700000, 0x0000000085800000|  0%| F|  |TAMS 0x0000000085700000, 0x0000000085700000| Untracked 
|  88|0x0000000085800000, 0x0000000085900000, 0x0000000085900000|100%| O|  |TAMS 0x0000000085800000, 0x0000000085800000| Untracked 
|  89|0x0000000085900000, 0x0000000085900000, 0x0000000085a00000|  0%| F|  |TAMS 0x0000000085900000, 0x0000000085900000| Untracked 
|  90|0x0000000085a00000, 0x0000000085b00000, 0x0000000085b00000|100%| O|  |TAMS 0x0000000085a00000, 0x0000000085a00000| Untracked 
|  91|0x0000000085b00000, 0x0000000085c00000, 0x0000000085c00000|100%| O|  |TAMS 0x0000000085b00000, 0x0000000085b00000| Untracked 
|  92|0x0000000085c00000, 0x0000000085d00000, 0x0000000085d00000|100%| O|  |TAMS 0x0000000085d00000, 0x0000000085c00000| Untracked 
|  93|0x0000000085d00000, 0x0000000085e00000, 0x0000000085e00000|100%| O|  |TAMS 0x0000000085e00000, 0x0000000085d00000| Untracked 
|  94|0x0000000085e00000, 0x0000000085e4f200, 0x0000000085f00000| 30%| O|  |TAMS 0x0000000085e00000, 0x0000000085e00000| Untracked 
|  95|0x0000000085f00000, 0x0000000086000000, 0x0000000086000000|100%| O|  |TAMS 0x0000000085f72a00, 0x0000000085f00000| Untracked 
|  96|0x0000000086000000, 0x0000000086100000, 0x0000000086100000|100%|HS|  |TAMS 0x0000000086000000, 0x0000000086000000| Complete 
|  97|0x0000000086100000, 0x0000000086200000, 0x0000000086200000|100%|HC|  |TAMS 0x0000000086100000, 0x0000000086100000| Complete 
|  98|0x0000000086200000, 0x0000000086200000, 0x0000000086300000|  0%| F|  |TAMS 0x0000000086200000, 0x0000000086200000| Untracked 
|  99|0x0000000086300000, 0x0000000086300000, 0x0000000086400000|  0%| F|  |TAMS 0x0000000086300000, 0x0000000086300000| Untracked 
| 100|0x0000000086400000, 0x0000000086400000, 0x0000000086500000|  0%| F|  |TAMS 0x0000000086400000, 0x0000000086400000| Untracked 
| 101|0x0000000086500000, 0x0000000086500000, 0x0000000086600000|  0%| F|  |TAMS 0x0000000086500000, 0x0000000086500000| Untracked 
| 102|0x0000000086600000, 0x0000000086600000, 0x0000000086700000|  0%| F|  |TAMS 0x0000000086600000, 0x0000000086600000| Untracked 
| 103|0x0000000086700000, 0x0000000086800000, 0x0000000086800000|100%| O|  |TAMS 0x0000000086800000, 0x0000000086700000| Untracked 
| 104|0x0000000086800000, 0x0000000086900000, 0x0000000086900000|100%| O|  |TAMS 0x0000000086900000, 0x0000000086800000| Untracked 
| 105|0x0000000086900000, 0x0000000086900000, 0x0000000086a00000|  0%| F|  |TAMS 0x0000000086900000, 0x0000000086900000| Untracked 
| 106|0x0000000086a00000, 0x0000000086a00000, 0x0000000086b00000|  0%| F|  |TAMS 0x0000000086a00000, 0x0000000086a00000| Untracked 
| 107|0x0000000086b00000, 0x0000000086c00000, 0x0000000086c00000|100%| O|  |TAMS 0x0000000086c00000, 0x0000000086b00000| Untracked 
| 108|0x0000000086c00000, 0x0000000086c00000, 0x0000000086d00000|  0%| F|  |TAMS 0x0000000086c00000, 0x0000000086c00000| Untracked 
| 109|0x0000000086d00000, 0x0000000086d00000, 0x0000000086e00000|  0%| F|  |TAMS 0x0000000086d00000, 0x0000000086d00000| Untracked 
| 110|0x0000000086e00000, 0x0000000086f00000, 0x0000000086f00000|100%| O|  |TAMS 0x0000000086f00000, 0x0000000086e00000| Untracked 
| 111|0x0000000086f00000, 0x0000000087000000, 0x0000000087000000|100%| O|  |TAMS 0x0000000087000000, 0x0000000086f00000| Untracked 
| 112|0x0000000087000000, 0x0000000087100000, 0x0000000087100000|100%| O|  |TAMS 0x0000000087100000, 0x0000000087000000| Untracked 
| 113|0x0000000087100000, 0x0000000087200000, 0x0000000087200000|100%| O|  |TAMS 0x0000000087200000, 0x0000000087100000| Untracked 
| 114|0x0000000087200000, 0x0000000087300000, 0x0000000087300000|100%| O|  |TAMS 0x0000000087300000, 0x0000000087200000| Untracked 
| 115|0x0000000087300000, 0x0000000087400000, 0x0000000087400000|100%| O|  |TAMS 0x0000000087400000, 0x0000000087300000| Untracked 
| 116|0x0000000087400000, 0x0000000087500000, 0x0000000087500000|100%| O|  |TAMS 0x0000000087500000, 0x0000000087400000| Untracked 
| 117|0x0000000087500000, 0x0000000087600000, 0x0000000087600000|100%| O|  |TAMS 0x0000000087600000, 0x0000000087500000| Untracked 
| 118|0x0000000087600000, 0x0000000087700000, 0x0000000087700000|100%| O|  |TAMS 0x0000000087700000, 0x0000000087600000| Untracked 
| 119|0x0000000087700000, 0x0000000087700000, 0x0000000087800000|  0%| F|  |TAMS 0x0000000087700000, 0x0000000087700000| Untracked 
| 120|0x0000000087800000, 0x0000000087800000, 0x0000000087900000|  0%| F|  |TAMS 0x0000000087800000, 0x0000000087800000| Untracked 
| 121|0x0000000087900000, 0x0000000087900000, 0x0000000087a00000|  0%| F|  |TAMS 0x0000000087900000, 0x0000000087900000| Untracked 
| 122|0x0000000087a00000, 0x0000000087a00000, 0x0000000087b00000|  0%| F|  |TAMS 0x0000000087a00000, 0x0000000087a00000| Untracked 
| 123|0x0000000087b00000, 0x0000000087b00000, 0x0000000087c00000|  0%| F|  |TAMS 0x0000000087b00000, 0x0000000087b00000| Untracked 
| 124|0x0000000087c00000, 0x0000000087c00000, 0x0000000087d00000|  0%| F|  |TAMS 0x0000000087c00000, 0x0000000087c00000| Untracked 
| 125|0x0000000087d00000, 0x0000000087d00000, 0x0000000087e00000|  0%| F|  |TAMS 0x0000000087d00000, 0x0000000087d00000| Untracked 
| 126|0x0000000087e00000, 0x0000000087e00000, 0x0000000087f00000|  0%| F|  |TAMS 0x0000000087e00000, 0x0000000087e00000| Untracked 
| 127|0x0000000087f00000, 0x0000000087f00000, 0x0000000088000000|  0%| F|  |TAMS 0x0000000087f00000, 0x0000000087f00000| Untracked 
| 128|0x0000000088000000, 0x0000000088000000, 0x0000000088100000|  0%| F|  |TAMS 0x0000000088000000, 0x0000000088000000| Untracked 
| 129|0x0000000088100000, 0x0000000088100000, 0x0000000088200000|  0%| F|  |TAMS 0x0000000088100000, 0x0000000088100000| Untracked 
| 130|0x0000000088200000, 0x0000000088200000, 0x0000000088300000|  0%| F|  |TAMS 0x0000000088200000, 0x0000000088200000| Untracked 
| 131|0x0000000088300000, 0x0000000088300000, 0x0000000088400000|  0%| F|  |TAMS 0x0000000088300000, 0x0000000088300000| Untracked 
| 132|0x0000000088400000, 0x0000000088400000, 0x0000000088500000|  0%| F|  |TAMS 0x0000000088400000, 0x0000000088400000| Untracked 
| 133|0x0000000088500000, 0x0000000088500000, 0x0000000088600000|  0%| F|  |TAMS 0x0000000088500000, 0x0000000088500000| Untracked 
| 134|0x0000000088600000, 0x0000000088600000, 0x0000000088700000|  0%| F|  |TAMS 0x0000000088600000, 0x0000000088600000| Untracked 
| 135|0x0000000088700000, 0x0000000088700000, 0x0000000088800000|  0%| F|  |TAMS 0x0000000088700000, 0x0000000088700000| Untracked 
| 136|0x0000000088800000, 0x0000000088800000, 0x0000000088900000|  0%| F|  |TAMS 0x0000000088800000, 0x0000000088800000| Untracked 
| 137|0x0000000088900000, 0x0000000088900000, 0x0000000088a00000|  0%| F|  |TAMS 0x0000000088900000, 0x0000000088900000| Untracked 
| 138|0x0000000088a00000, 0x0000000088a00000, 0x0000000088b00000|  0%| F|  |TAMS 0x0000000088a00000, 0x0000000088a00000| Untracked 
| 139|0x0000000088b00000, 0x0000000088b00000, 0x0000000088c00000|  0%| F|  |TAMS 0x0000000088b00000, 0x0000000088b00000| Untracked 
| 140|0x0000000088c00000, 0x0000000088c00000, 0x0000000088d00000|  0%| F|  |TAMS 0x0000000088c00000, 0x0000000088c00000| Untracked 
| 141|0x0000000088d00000, 0x0000000088d00000, 0x0000000088e00000|  0%| F|  |TAMS 0x0000000088d00000, 0x0000000088d00000| Untracked 
| 142|0x0000000088e00000, 0x0000000088e00000, 0x0000000088f00000|  0%| F|  |TAMS 0x0000000088e00000, 0x0000000088e00000| Untracked 
| 143|0x0000000088f00000, 0x0000000088f00000, 0x0000000089000000|  0%| F|  |TAMS 0x0000000088f00000, 0x0000000088f00000| Untracked 
| 144|0x0000000089000000, 0x0000000089000000, 0x0000000089100000|  0%| F|  |TAMS 0x0000000089000000, 0x0000000089000000| Untracked 
| 145|0x0000000089100000, 0x0000000089100000, 0x0000000089200000|  0%| F|  |TAMS 0x0000000089100000, 0x0000000089100000| Untracked 
| 146|0x0000000089200000, 0x0000000089200000, 0x0000000089300000|  0%| F|  |TAMS 0x0000000089200000, 0x0000000089200000| Untracked 
| 147|0x0000000089300000, 0x0000000089300000, 0x0000000089400000|  0%| F|  |TAMS 0x0000000089300000, 0x0000000089300000| Untracked 
| 148|0x0000000089400000, 0x0000000089400000, 0x0000000089500000|  0%| F|  |TAMS 0x0000000089400000, 0x0000000089400000| Untracked 
| 149|0x0000000089500000, 0x0000000089500000, 0x0000000089600000|  0%| F|  |TAMS 0x0000000089500000, 0x0000000089500000| Untracked 
| 150|0x0000000089600000, 0x0000000089600000, 0x0000000089700000|  0%| F|  |TAMS 0x0000000089600000, 0x0000000089600000| Untracked 
| 151|0x0000000089700000, 0x0000000089700000, 0x0000000089800000|  0%| F|  |TAMS 0x0000000089700000, 0x0000000089700000| Untracked 
| 152|0x0000000089800000, 0x0000000089800000, 0x0000000089900000|  0%| F|  |TAMS 0x0000000089800000, 0x0000000089800000| Untracked 
| 153|0x0000000089900000, 0x0000000089900000, 0x0000000089a00000|  0%| F|  |TAMS 0x0000000089900000, 0x0000000089900000| Untracked 
| 154|0x0000000089a00000, 0x0000000089a00000, 0x0000000089b00000|  0%| F|  |TAMS 0x0000000089a00000, 0x0000000089a00000| Untracked 
| 155|0x0000000089b00000, 0x0000000089b00000, 0x0000000089c00000|  0%| F|  |TAMS 0x0000000089b00000, 0x0000000089b00000| Untracked 
| 156|0x0000000089c00000, 0x0000000089c00000, 0x0000000089d00000|  0%| F|  |TAMS 0x0000000089c00000, 0x0000000089c00000| Untracked 
| 157|0x0000000089d00000, 0x0000000089d00000, 0x0000000089e00000|  0%| F|  |TAMS 0x0000000089d00000, 0x0000000089d00000| Untracked 
| 158|0x0000000089e00000, 0x0000000089e00000, 0x0000000089f00000|  0%| F|  |TAMS 0x0000000089e00000, 0x0000000089e00000| Untracked 
| 159|0x0000000089f00000, 0x0000000089f00000, 0x000000008a000000|  0%| F|  |TAMS 0x0000000089f00000, 0x0000000089f00000| Untracked 
| 160|0x000000008a000000, 0x000000008a000000, 0x000000008a100000|  0%| F|  |TAMS 0x000000008a000000, 0x000000008a000000| Untracked 
| 161|0x000000008a100000, 0x000000008a100000, 0x000000008a200000|  0%| F|  |TAMS 0x000000008a100000, 0x000000008a100000| Untracked 
| 162|0x000000008a200000, 0x000000008a200000, 0x000000008a300000|  0%| F|  |TAMS 0x000000008a200000, 0x000000008a200000| Untracked 
| 163|0x000000008a300000, 0x000000008a300000, 0x000000008a400000|  0%| F|  |TAMS 0x000000008a300000, 0x000000008a300000| Untracked 
| 164|0x000000008a400000, 0x000000008a400000, 0x000000008a500000|  0%| F|  |TAMS 0x000000008a400000, 0x000000008a400000| Untracked 
| 165|0x000000008a500000, 0x000000008a500000, 0x000000008a600000|  0%| F|  |TAMS 0x000000008a500000, 0x000000008a500000| Untracked 
| 166|0x000000008a600000, 0x000000008a600000, 0x000000008a700000|  0%| F|  |TAMS 0x000000008a600000, 0x000000008a600000| Untracked 
| 167|0x000000008a700000, 0x000000008a700000, 0x000000008a800000|  0%| F|  |TAMS 0x000000008a700000, 0x000000008a700000| Untracked 
| 168|0x000000008a800000, 0x000000008a800000, 0x000000008a900000|  0%| F|  |TAMS 0x000000008a800000, 0x000000008a800000| Untracked 
| 169|0x000000008a900000, 0x000000008a900000, 0x000000008aa00000|  0%| F|  |TAMS 0x000000008a900000, 0x000000008a900000| Untracked 
| 170|0x000000008aa00000, 0x000000008aa00000, 0x000000008ab00000|  0%| F|  |TAMS 0x000000008aa00000, 0x000000008aa00000| Untracked 
| 171|0x000000008ab00000, 0x000000008ab00000, 0x000000008ac00000|  0%| F|  |TAMS 0x000000008ab00000, 0x000000008ab00000| Untracked 
| 172|0x000000008ac00000, 0x000000008ac00000, 0x000000008ad00000|  0%| F|  |TAMS 0x000000008ac00000, 0x000000008ac00000| Untracked 
| 173|0x000000008ad00000, 0x000000008ad00000, 0x000000008ae00000|  0%| F|  |TAMS 0x000000008ad00000, 0x000000008ad00000| Untracked 
| 174|0x000000008ae00000, 0x000000008ae00000, 0x000000008af00000|  0%| F|  |TAMS 0x000000008ae00000, 0x000000008ae00000| Untracked 
| 175|0x000000008af00000, 0x000000008af00000, 0x000000008b000000|  0%| F|  |TAMS 0x000000008af00000, 0x000000008af00000| Untracked 
| 176|0x000000008b000000, 0x000000008b000000, 0x000000008b100000|  0%| F|  |TAMS 0x000000008b000000, 0x000000008b000000| Untracked 
| 177|0x000000008b100000, 0x000000008b100000, 0x000000008b200000|  0%| F|  |TAMS 0x000000008b100000, 0x000000008b100000| Untracked 
| 178|0x000000008b200000, 0x000000008b200000, 0x000000008b300000|  0%| F|  |TAMS 0x000000008b200000, 0x000000008b200000| Untracked 
| 179|0x000000008b300000, 0x000000008b300000, 0x000000008b400000|  0%| F|  |TAMS 0x000000008b300000, 0x000000008b300000| Untracked 
| 180|0x000000008b400000, 0x000000008b400000, 0x000000008b500000|  0%| F|  |TAMS 0x000000008b400000, 0x000000008b400000| Untracked 
| 181|0x000000008b500000, 0x000000008b500000, 0x000000008b600000|  0%| F|  |TAMS 0x000000008b500000, 0x000000008b500000| Untracked 
| 182|0x000000008b600000, 0x000000008b600000, 0x000000008b700000|  0%| F|  |TAMS 0x000000008b600000, 0x000000008b600000| Untracked 
| 183|0x000000008b700000, 0x000000008b700000, 0x000000008b800000|  0%| F|  |TAMS 0x000000008b700000, 0x000000008b700000| Untracked 
| 184|0x000000008b800000, 0x000000008b800000, 0x000000008b900000|  0%| F|  |TAMS 0x000000008b800000, 0x000000008b800000| Untracked 
| 185|0x000000008b900000, 0x000000008b900000, 0x000000008ba00000|  0%| F|  |TAMS 0x000000008b900000, 0x000000008b900000| Untracked 
| 186|0x000000008ba00000, 0x000000008ba00000, 0x000000008bb00000|  0%| F|  |TAMS 0x000000008ba00000, 0x000000008ba00000| Untracked 
| 187|0x000000008bb00000, 0x000000008bb00000, 0x000000008bc00000|  0%| F|  |TAMS 0x000000008bb00000, 0x000000008bb00000| Untracked 
| 188|0x000000008bc00000, 0x000000008bc00000, 0x000000008bd00000|  0%| F|  |TAMS 0x000000008bc00000, 0x000000008bc00000| Untracked 
| 189|0x000000008bd00000, 0x000000008bd00000, 0x000000008be00000|  0%| F|  |TAMS 0x000000008bd00000, 0x000000008bd00000| Untracked 
| 190|0x000000008be00000, 0x000000008be00000, 0x000000008bf00000|  0%| F|  |TAMS 0x000000008be00000, 0x000000008be00000| Untracked 
| 191|0x000000008bf00000, 0x000000008bf00000, 0x000000008c000000|  0%| F|  |TAMS 0x000000008bf00000, 0x000000008bf00000| Untracked 
| 192|0x000000008c000000, 0x000000008c000000, 0x000000008c100000|  0%| F|  |TAMS 0x000000008c000000, 0x000000008c000000| Untracked 
| 193|0x000000008c100000, 0x000000008c100000, 0x000000008c200000|  0%| F|  |TAMS 0x000000008c100000, 0x000000008c100000| Untracked 
| 194|0x000000008c200000, 0x000000008c200000, 0x000000008c300000|  0%| F|  |TAMS 0x000000008c200000, 0x000000008c200000| Untracked 
| 195|0x000000008c300000, 0x000000008c300000, 0x000000008c400000|  0%| F|  |TAMS 0x000000008c300000, 0x000000008c300000| Untracked 
| 196|0x000000008c400000, 0x000000008c400000, 0x000000008c500000|  0%| F|  |TAMS 0x000000008c400000, 0x000000008c400000| Untracked 
| 197|0x000000008c500000, 0x000000008c500000, 0x000000008c600000|  0%| F|  |TAMS 0x000000008c500000, 0x000000008c500000| Untracked 
| 198|0x000000008c600000, 0x000000008c600000, 0x000000008c700000|  0%| F|  |TAMS 0x000000008c600000, 0x000000008c600000| Untracked 
| 199|0x000000008c700000, 0x000000008c700000, 0x000000008c800000|  0%| F|  |TAMS 0x000000008c700000, 0x000000008c700000| Untracked 
| 200|0x000000008c800000, 0x000000008c800000, 0x000000008c900000|  0%| F|  |TAMS 0x000000008c800000, 0x000000008c800000| Untracked 
| 201|0x000000008c900000, 0x000000008c900000, 0x000000008ca00000|  0%| F|  |TAMS 0x000000008c900000, 0x000000008c900000| Untracked 
| 202|0x000000008ca00000, 0x000000008ca00000, 0x000000008cb00000|  0%| F|  |TAMS 0x000000008ca00000, 0x000000008ca00000| Untracked 
| 203|0x000000008cb00000, 0x000000008cb00000, 0x000000008cc00000|  0%| F|  |TAMS 0x000000008cb00000, 0x000000008cb00000| Untracked 
| 204|0x000000008cc00000, 0x000000008cc00000, 0x000000008cd00000|  0%| F|  |TAMS 0x000000008cc00000, 0x000000008cc00000| Untracked 
| 205|0x000000008cd00000, 0x000000008cd00000, 0x000000008ce00000|  0%| F|  |TAMS 0x000000008cd00000, 0x000000008cd00000| Untracked 
| 206|0x000000008ce00000, 0x000000008ce00000, 0x000000008cf00000|  0%| F|  |TAMS 0x000000008ce00000, 0x000000008ce00000| Untracked 
| 207|0x000000008cf00000, 0x000000008cf00000, 0x000000008d000000|  0%| F|  |TAMS 0x000000008cf00000, 0x000000008cf00000| Untracked 
| 208|0x000000008d000000, 0x000000008d000000, 0x000000008d100000|  0%| F|  |TAMS 0x000000008d000000, 0x000000008d000000| Untracked 
| 209|0x000000008d100000, 0x000000008d100000, 0x000000008d200000|  0%| F|  |TAMS 0x000000008d100000, 0x000000008d100000| Untracked 
| 210|0x000000008d200000, 0x000000008d200000, 0x000000008d300000|  0%| F|  |TAMS 0x000000008d200000, 0x000000008d200000| Untracked 
| 211|0x000000008d300000, 0x000000008d300000, 0x000000008d400000|  0%| F|  |TAMS 0x000000008d300000, 0x000000008d300000| Untracked 
| 212|0x000000008d400000, 0x000000008d400000, 0x000000008d500000|  0%| F|  |TAMS 0x000000008d400000, 0x000000008d400000| Untracked 
| 213|0x000000008d500000, 0x000000008d500000, 0x000000008d600000|  0%| F|  |TAMS 0x000000008d500000, 0x000000008d500000| Untracked 
| 214|0x000000008d600000, 0x000000008d600000, 0x000000008d700000|  0%| F|  |TAMS 0x000000008d600000, 0x000000008d600000| Untracked 
| 215|0x000000008d700000, 0x000000008d7d4268, 0x000000008d800000| 82%| E|  |TAMS 0x000000008d700000, 0x000000008d700000| Complete 
| 216|0x000000008d800000, 0x000000008d900000, 0x000000008d900000|100%| E|CS|TAMS 0x000000008d800000, 0x000000008d800000| Complete 
| 217|0x000000008d900000, 0x000000008da00000, 0x000000008da00000|100%| E|CS|TAMS 0x000000008d900000, 0x000000008d900000| Complete 
| 218|0x000000008da00000, 0x000000008db00000, 0x000000008db00000|100%| E|CS|TAMS 0x000000008da00000, 0x000000008da00000| Complete 
| 219|0x000000008db00000, 0x000000008dc00000, 0x000000008dc00000|100%| E|CS|TAMS 0x000000008db00000, 0x000000008db00000| Complete 
| 220|0x000000008dc00000, 0x000000008dd00000, 0x000000008dd00000|100%| E|CS|TAMS 0x000000008dc00000, 0x000000008dc00000| Complete 
| 221|0x000000008dd00000, 0x000000008de00000, 0x000000008de00000|100%| E|CS|TAMS 0x000000008dd00000, 0x000000008dd00000| Complete 
| 222|0x000000008de00000, 0x000000008df00000, 0x000000008df00000|100%| E|CS|TAMS 0x000000008de00000, 0x000000008de00000| Complete 
| 223|0x000000008df00000, 0x000000008e000000, 0x000000008e000000|100%| E|CS|TAMS 0x000000008df00000, 0x000000008df00000| Complete 
| 224|0x000000008e000000, 0x000000008e100000, 0x000000008e100000|100%| E|CS|TAMS 0x000000008e000000, 0x000000008e000000| Complete 
| 225|0x000000008e100000, 0x000000008e200000, 0x000000008e200000|100%| E|CS|TAMS 0x000000008e100000, 0x000000008e100000| Complete 
| 226|0x000000008e200000, 0x000000008e300000, 0x000000008e300000|100%| E|CS|TAMS 0x000000008e200000, 0x000000008e200000| Complete 
| 227|0x000000008e300000, 0x000000008e400000, 0x000000008e400000|100%| E|CS|TAMS 0x000000008e300000, 0x000000008e300000| Complete 
| 228|0x000000008e400000, 0x000000008e500000, 0x000000008e500000|100%| E|CS|TAMS 0x000000008e400000, 0x000000008e400000| Complete 
| 229|0x000000008e500000, 0x000000008e600000, 0x000000008e600000|100%| E|CS|TAMS 0x000000008e500000, 0x000000008e500000| Complete 
| 230|0x000000008e600000, 0x000000008e700000, 0x000000008e700000|100%| E|CS|TAMS 0x000000008e600000, 0x000000008e600000| Complete 
| 231|0x000000008e700000, 0x000000008e800000, 0x000000008e800000|100%| E|CS|TAMS 0x000000008e700000, 0x000000008e700000| Complete 
| 232|0x000000008e800000, 0x000000008e900000, 0x000000008e900000|100%| E|CS|TAMS 0x000000008e800000, 0x000000008e800000| Complete 
| 233|0x000000008e900000, 0x000000008ea00000, 0x000000008ea00000|100%| E|CS|TAMS 0x000000008e900000, 0x000000008e900000| Complete 
| 234|0x000000008ea00000, 0x000000008eb00000, 0x000000008eb00000|100%| E|CS|TAMS 0x000000008ea00000, 0x000000008ea00000| Complete 
| 235|0x000000008eb00000, 0x000000008ec00000, 0x000000008ec00000|100%| E|CS|TAMS 0x000000008eb00000, 0x000000008eb00000| Complete 
| 236|0x000000008ec00000, 0x000000008ed00000, 0x000000008ed00000|100%| E|CS|TAMS 0x000000008ec00000, 0x000000008ec00000| Complete 
| 237|0x000000008ed00000, 0x000000008ee00000, 0x000000008ee00000|100%| E|CS|TAMS 0x000000008ed00000, 0x000000008ed00000| Complete 
| 238|0x000000008ee00000, 0x000000008ef00000, 0x000000008ef00000|100%| E|CS|TAMS 0x000000008ee00000, 0x000000008ee00000| Complete 
| 239|0x000000008ef00000, 0x000000008f000000, 0x000000008f000000|100%| E|CS|TAMS 0x000000008ef00000, 0x000000008ef00000| Complete 
| 240|0x000000008f000000, 0x000000008f100000, 0x000000008f100000|100%| E|CS|TAMS 0x000000008f000000, 0x000000008f000000| Complete 
| 241|0x000000008f100000, 0x000000008f200000, 0x000000008f200000|100%| E|CS|TAMS 0x000000008f100000, 0x000000008f100000| Complete 
| 242|0x000000008f200000, 0x000000008f300000, 0x000000008f300000|100%| E|CS|TAMS 0x000000008f200000, 0x000000008f200000| Complete 
| 243|0x000000008f300000, 0x000000008f400000, 0x000000008f400000|100%| E|CS|TAMS 0x000000008f300000, 0x000000008f300000| Complete 
| 244|0x000000008f400000, 0x000000008f500000, 0x000000008f500000|100%| E|CS|TAMS 0x000000008f400000, 0x000000008f400000| Complete 
| 245|0x000000008f500000, 0x000000008f600000, 0x000000008f600000|100%| E|CS|TAMS 0x000000008f500000, 0x000000008f500000| Complete 
| 246|0x000000008f600000, 0x000000008f700000, 0x000000008f700000|100%| E|CS|TAMS 0x000000008f600000, 0x000000008f600000| Complete 
| 247|0x000000008f700000, 0x000000008f800000, 0x000000008f800000|100%| E|CS|TAMS 0x000000008f700000, 0x000000008f700000| Complete 
| 248|0x000000008f800000, 0x000000008f900000, 0x000000008f900000|100%| E|CS|TAMS 0x000000008f800000, 0x000000008f800000| Complete 
| 249|0x000000008f900000, 0x000000008fa00000, 0x000000008fa00000|100%| E|CS|TAMS 0x000000008f900000, 0x000000008f900000| Complete 
| 250|0x000000008fa00000, 0x000000008fb00000, 0x000000008fb00000|100%| E|CS|TAMS 0x000000008fa00000, 0x000000008fa00000| Complete 
| 251|0x000000008fb00000, 0x000000008fc00000, 0x000000008fc00000|100%| E|CS|TAMS 0x000000008fb00000, 0x000000008fb00000| Complete 
| 252|0x000000008fc00000, 0x000000008fd00000, 0x000000008fd00000|100%| S|CS|TAMS 0x000000008fc00000, 0x000000008fc00000| Complete 
| 253|0x000000008fd00000, 0x000000008fe00000, 0x000000008fe00000|100%| E|CS|TAMS 0x000000008fd00000, 0x000000008fd00000| Complete 
| 254|0x000000008fe00000, 0x000000008ff00000, 0x000000008ff00000|100%| E|CS|TAMS 0x000000008fe00000, 0x000000008fe00000| Complete 
| 255|0x000000008ff00000, 0x0000000090000000, 0x0000000090000000|100%| E|CS|TAMS 0x000000008ff00000, 0x000000008ff00000| Complete 

Card table byte_map: [0x000001d21f0e0000,0x000001d21f4e0000] _byte_map_base: 0x000001d21ece0000

Marking Bits (Prev, Next): (CMBitMap*) 0x000001d209dc0790, (CMBitMap*) 0x000001d209dc0758
 Prev Bits: [0x000001d2218e0000, 0x000001d2238e0000)
 Next Bits: [0x000001d21f8e0000, 0x000001d2218e0000)

Polling page: 0x000001d209e60000

Metaspace:

Usage:
  Non-class:    114.32 MB capacity,   112.00 MB ( 98%) used,     1.84 MB (  2%) free+waste,   484.81 KB ( <1%) overhead. 
      Class:     17.02 MB capacity,    15.59 MB ( 92%) used,     1.22 MB (  7%) free+waste,   209.75 KB (  1%) overhead. 
       Both:    131.33 MB capacity,   127.59 MB ( 97%) used,     3.07 MB (  2%) free+waste,   694.56 KB ( <1%) overhead. 

Virtual space:
  Non-class space:      116.00 MB reserved,     115.41 MB (>99%) committed 
      Class space:        1.00 GB reserved,      17.70 MB (  2%) committed 
             Both:        1.11 GB reserved,     133.11 MB ( 12%) committed 

Chunk freelists:
   Non-Class:  925.00 KB
       Class:  621.00 KB
        Both:  1.51 MB

MaxMetaspaceSize: 17179869184.00 GB
CompressedClassSpaceSize: 1.00 GB

CodeHeap 'non-profiled nmethods': size=120000Kb used=16823Kb max_used=16823Kb free=103176Kb
 bounds [0x000001d216b30000, 0x000001d217bb0000, 0x000001d21e060000]
CodeHeap 'profiled nmethods': size=120000Kb used=53622Kb max_used=53622Kb free=66377Kb
 bounds [0x000001d20f600000, 0x000001d212a90000, 0x000001d216b30000]
CodeHeap 'non-nmethods': size=5760Kb used=2360Kb max_used=2452Kb free=3399Kb
 bounds [0x000001d20f060000, 0x000001d20f2d0000, 0x000001d20f600000]
 total_blobs=24816 nmethods=23833 adapters=892
 compilation: enabled
              stopped_count=0, restarted_count=0
 full_count=0

Compilation events (20 events):
Event: 1610.111 Thread 0x000001d226e7e800 nmethod 26564 0x000001d212a6a290 code [0x000001d212a6a460, 0x000001d212a6a858]
Event: 1610.111 Thread 0x000001d226e7e800 26565       3       com.sun.tools.javac.tree.JCTree$JCUnary::<init> (15 bytes)
Event: 1610.111 Thread 0x000001d226e7e800 nmethod 26565 0x000001d212a6aa10 code [0x000001d212a6abe0, 0x000001d212a6af18]
Event: 1610.115 Thread 0x000001d226e7d000 nmethod 26560 0x000001d217b97590 code [0x000001d217b97740, 0x000001d217b97f78]
Event: 1610.115 Thread 0x000001d226e7d000 26563       4       com.sun.tools.javac.parser.JavacParser::blockStatement (604 bytes)
Event: 1610.151 Thread 0x000001d226e7e800 26569   !   3       java.nio.file.Files::notExists (47 bytes)
Event: 1610.151 Thread 0x000001d226e7e800 nmethod 26569 0x000001d212a6b090 code [0x000001d212a6b2e0, 0x000001d212a6bd08]
Event: 1610.156 Thread 0x000001d226e7e800 26570       3       jdk.nio.zipfs.ZipFileSystem::findEND (533 bytes)
Event: 1610.159 Thread 0x000001d226e7e800 nmethod 26570 0x000001d212a6c290 code [0x000001d212a6c9e0, 0x000001d212a714d8]
Event: 1610.172 Thread 0x000001d226e7e800 26571       3       java.nio.file.FileSystem::<init> (5 bytes)
Event: 1610.172 Thread 0x000001d226e7e800 nmethod 26571 0x000001d2110e3a10 code [0x000001d2110e3bc0, 0x000001d2110e3d18]
Event: 1610.172 Thread 0x000001d226e7e800 26572       3       java.util.concurrent.locks.ReentrantReadWriteLock::<init> (54 bytes)
Event: 1610.173 Thread 0x000001d226e7e800 nmethod 26572 0x000001d212a73510 code [0x000001d212a737c0, 0x000001d212a74798]
Event: 1610.179 Thread 0x000001d226e7e800 26573       3       java.util.concurrent.locks.ReentrantReadWriteLock::<init> (6 bytes)
Event: 1610.179 Thread 0x000001d226e7e800 nmethod 26573 0x000001d2109ffa90 code [0x000001d2109ffc40, 0x000001d2109ffd68]
Event: 1610.180 Thread 0x000001d226e7e800 26574   !   3       java.nio.file.Files::isAccessible (14 bytes)
Event: 1610.180 Thread 0x000001d226e7e800 nmethod 26574 0x000001d212a74c90 code [0x000001d212a74e80, 0x000001d212a75248]
Event: 1610.182 Thread 0x000001d226e7e800 26575   !   3       jdk.nio.zipfs.ZipFileSystemProvider::ensureFile (33 bytes)
Event: 1610.182 Thread 0x000001d226e7e800 nmethod 26575 0x000001d212a75490 code [0x000001d212a756c0, 0x000001d212a75d68]
Event: 1610.182 Thread 0x000001d226e7e800 26576   !   3       jdk.nio.zipfs.ZipFileSystem::<init> (467 bytes)

GC Heap History (20 events):
Event: 1318.425 GC heap before
{Heap before GC invocations=26 (full 0):
 garbage-first heap   total 262144K, used 226464K [0x0000000080000000, 0x0000000100000000)
  region size 1024K, 108 young (110592K), 4 survivors (4096K)
 Metaspace       used 128483K, capacity 132437K, committed 132716K, reserved 1165312K
  class space    used 15974K, capacity 17513K, committed 17612K, reserved 1048576K
}
Event: 1318.427 GC heap after
{Heap after GC invocations=27 (full 0):
 garbage-first heap   total 262144K, used 113375K [0x0000000080000000, 0x0000000100000000)
  region size 1024K, 4 young (4096K), 4 survivors (4096K)
 Metaspace       used 128483K, capacity 132437K, committed 132716K, reserved 1165312K
  class space    used 15974K, capacity 17513K, committed 17612K, reserved 1048576K
}
Event: 1357.404 GC heap before
{Heap before GC invocations=27 (full 0):
 garbage-first heap   total 262144K, used 218847K [0x0000000080000000, 0x0000000100000000)
  region size 1024K, 108 young (110592K), 4 survivors (4096K)
 Metaspace       used 129575K, capacity 133980K, committed 134252K, reserved 1165312K
  class space    used 16156K, capacity 17850K, committed 17868K, reserved 1048576K
}
Event: 1357.407 GC heap after
{Heap after GC invocations=28 (full 0):
 garbage-first heap   total 262144K, used 111509K [0x0000000080000000, 0x0000000100000000)
  region size 1024K, 4 young (4096K), 4 survivors (4096K)
 Metaspace       used 129575K, capacity 133980K, committed 134252K, reserved 1165312K
  class space    used 16156K, capacity 17850K, committed 17868K, reserved 1048576K
}
Event: 1358.564 GC heap before
{Heap before GC invocations=28 (full 0):
 garbage-first heap   total 262144K, used 222101K [0x0000000080000000, 0x0000000100000000)
  region size 1024K, 111 young (113664K), 4 survivors (4096K)
 Metaspace       used 130733K, capacity 135213K, committed 135404K, reserved 1167360K
  class space    used 16271K, capacity 17961K, committed 17996K, reserved 1048576K
}
Event: 1358.570 GC heap after
{Heap after GC invocations=29 (full 0):
 garbage-first heap   total 262144K, used 124060K [0x0000000080000000, 0x0000000100000000)
  region size 1024K, 14 young (14336K), 14 survivors (14336K)
 Metaspace       used 130733K, capacity 135213K, committed 135404K, reserved 1167360K
  class space    used 16271K, capacity 17961K, committed 17996K, reserved 1048576K
}
Event: 1358.982 GC heap before
{Heap before GC invocations=29 (full 0):
 garbage-first heap   total 262144K, used 220316K [0x0000000080000000, 0x0000000100000000)
  region size 1024K, 106 young (108544K), 14 survivors (14336K)
 Metaspace       used 130916K, capacity 135413K, committed 135660K, reserved 1167360K
  class space    used 16271K, capacity 17961K, committed 17996K, reserved 1048576K
}
Event: 1358.986 GC heap after
{Heap after GC invocations=30 (full 0):
 garbage-first heap   total 262144K, used 120718K [0x0000000080000000, 0x0000000100000000)
  region size 1024K, 2 young (2048K), 2 survivors (2048K)
 Metaspace       used 130916K, capacity 135413K, committed 135660K, reserved 1167360K
  class space    used 16271K, capacity 17961K, committed 17996K, reserved 1048576K
}
Event: 1359.077 GC heap before
{Heap before GC invocations=30 (full 0):
 garbage-first heap   total 262144K, used 220046K [0x0000000080000000, 0x0000000100000000)
  region size 1024K, 100 young (102400K), 2 survivors (2048K)
 Metaspace       used 131045K, capacity 135509K, committed 135660K, reserved 1167360K
  class space    used 16280K, capacity 17968K, committed 17996K, reserved 1048576K
}
Event: 1359.086 GC heap after
{Heap after GC invocations=31 (full 0):
 garbage-first heap   total 262144K, used 130084K [0x0000000080000000, 0x0000000100000000)
  region size 1024K, 11 young (11264K), 11 survivors (11264K)
 Metaspace       used 131045K, capacity 135509K, committed 135660K, reserved 1167360K
  class space    used 16280K, capacity 17968K, committed 17996K, reserved 1048576K
}
Event: 1359.322 GC heap before
{Heap before GC invocations=32 (full 0):
 garbage-first heap   total 262144K, used 209956K [0x0000000080000000, 0x0000000100000000)
  region size 1024K, 96 young (98304K), 11 survivors (11264K)
 Metaspace       used 130118K, capacity 134004K, committed 135660K, reserved 1167360K
  class space    used 15937K, capacity 17347K, committed 17996K, reserved 1048576K
}
Event: 1359.325 GC heap after
{Heap after GC invocations=33 (full 0):
 garbage-first heap   total 262144K, used 118304K [0x0000000080000000, 0x0000000100000000)
  region size 1024K, 6 young (6144K), 6 survivors (6144K)
 Metaspace       used 130118K, capacity 134004K, committed 135660K, reserved 1167360K
  class space    used 15937K, capacity 17347K, committed 17996K, reserved 1048576K
}
Event: 1359.333 GC heap before
{Heap before GC invocations=33 (full 0):
 garbage-first heap   total 262144K, used 124448K [0x0000000080000000, 0x0000000100000000)
  region size 1024K, 12 young (12288K), 6 survivors (6144K)
 Metaspace       used 130123K, capacity 134004K, committed 135660K, reserved 1167360K
  class space    used 15938K, capacity 17347K, committed 17996K, reserved 1048576K
}
Event: 1359.337 GC heap after
{Heap after GC invocations=34 (full 0):
 garbage-first heap   total 262144K, used 106954K [0x0000000080000000, 0x0000000100000000)
  region size 1024K, 2 young (2048K), 2 survivors (2048K)
 Metaspace       used 130123K, capacity 134004K, committed 135660K, reserved 1167360K
  class space    used 15938K, capacity 17347K, committed 17996K, reserved 1048576K
}
Event: 1359.541 GC heap before
{Heap before GC invocations=34 (full 0):
 garbage-first heap   total 262144K, used 147914K [0x0000000080000000, 0x0000000100000000)
  region size 1024K, 31 young (31744K), 2 survivors (2048K)
 Metaspace       used 130324K, capacity 134173K, committed 136044K, reserved 1167360K
  class space    used 15952K, capacity 17389K, committed 18124K, reserved 1048576K
}
Event: 1359.543 GC heap after
{Heap after GC invocations=35 (full 0):
 garbage-first heap   total 262144K, used 109705K [0x0000000080000000, 0x0000000100000000)
  region size 1024K, 3 young (3072K), 3 survivors (3072K)
 Metaspace       used 130324K, capacity 134173K, committed 136044K, reserved 1167360K
  class space    used 15952K, capacity 17389K, committed 18124K, reserved 1048576K
}
Event: 1609.978 GC heap before
{Heap before GC invocations=36 (full 0):
 garbage-first heap   total 262144K, used 181385K [0x0000000080000000, 0x0000000100000000)
  region size 1024K, 73 young (74752K), 3 survivors (3072K)
 Metaspace       used 130575K, capacity 134473K, committed 136300K, reserved 1167360K
  class space    used 15961K, capacity 17423K, committed 18124K, reserved 1048576K
}
Event: 1609.983 GC heap after
{Heap after GC invocations=37 (full 0):
 garbage-first heap   total 262144K, used 109408K [0x0000000080000000, 0x0000000100000000)
  region size 1024K, 9 young (9216K), 9 survivors (9216K)
 Metaspace       used 130575K, capacity 134473K, committed 136300K, reserved 1167360K
  class space    used 15961K, capacity 17423K, committed 18124K, reserved 1048576K
}
Event: 1609.991 GC heap before
{Heap before GC invocations=37 (full 0):
 garbage-first heap   total 262144K, used 112480K [0x0000000080000000, 0x0000000100000000)
  region size 1024K, 12 young (12288K), 9 survivors (9216K)
 Metaspace       used 130584K, capacity 134473K, committed 136300K, reserved 1167360K
  class space    used 15961K, capacity 17423K, committed 18124K, reserved 1048576K
}
Event: 1609.996 GC heap after
{Heap after GC invocations=38 (full 0):
 garbage-first heap   total 262144K, used 106812K [0x0000000080000000, 0x0000000100000000)
  region size 1024K, 1 young (1024K), 1 survivors (1024K)
 Metaspace       used 130584K, capacity 134473K, committed 136300K, reserved 1167360K
  class space    used 15961K, capacity 17423K, committed 18124K, reserved 1048576K
}

Deoptimization events (20 events):
Event: 1609.211 Thread 0x000001d22ad55000 DEOPT PACKING pc=0x000001d212787756 sp=0x0000009c10df9760
Event: 1609.211 Thread 0x000001d22ad55000 DEOPT UNPACKING pc=0x000001d20f0876ce sp=0x0000009c10df8ca0 mode 0
Event: 1609.299 Thread 0x000001d22ad55000 Uncommon trap: trap_request=0xffffff4d fr.pc=0x000001d21702cb64 relative=0x0000000000000224
Event: 1609.299 Thread 0x000001d22ad55000 Uncommon trap: reason=unstable_if action=reinterpret pc=0x000001d21702cb64 method=org.gradle.internal.snapshot.impl.AbstractScalarValueSnapshot.equals(Ljava/lang/Object;)Z @ 19 c2
Event: 1609.299 Thread 0x000001d22ad55000 DEOPT PACKING pc=0x000001d21702cb64 sp=0x0000009c10dfc5b0
Event: 1609.299 Thread 0x000001d22ad55000 DEOPT UNPACKING pc=0x000001d20f0878af sp=0x0000009c10dfc4d8 mode 2
Event: 1609.975 Thread 0x000001d22a9f5800 DEOPT PACKING pc=0x000001d2103460a1 sp=0x0000009c11bfd6e0
Event: 1609.975 Thread 0x000001d22a9f5800 DEOPT UNPACKING pc=0x000001d20f0876ce sp=0x0000009c11bfca88 mode 0
Event: 1609.998 Thread 0x000001d22a9f5800 DEOPT PACKING pc=0x000001d210c5a64f sp=0x0000009c11bfdcf0
Event: 1609.998 Thread 0x000001d22a9f5800 DEOPT UNPACKING pc=0x000001d20f0876ce sp=0x0000009c11bfd190 mode 0
Event: 1610.027 Thread 0x000001d229aeb000 Uncommon trap: trap_request=0xffffff4d fr.pc=0x000001d216bda858 relative=0x0000000000000f98
Event: 1610.027 Thread 0x000001d229aeb000 Uncommon trap: reason=unstable_if action=reinterpret pc=0x000001d216bda858 method=org.gradle.internal.snapshot.VfsRelativePath.compareToFirstSegment(Ljava/lang/String;Lorg/gradle/internal/snapshot/CaseSensitivity;)I @ 156 c2
Event: 1610.027 Thread 0x000001d229aeb000 DEOPT PACKING pc=0x000001d216bda858 sp=0x0000009c0e1fdd50
Event: 1610.027 Thread 0x000001d229aeb000 DEOPT UNPACKING pc=0x000001d20f0878af sp=0x0000009c0e1fdcd0 mode 2
Event: 1610.049 Thread 0x000001d22ad55000 Uncommon trap: trap_request=0xffffff4d fr.pc=0x000001d217655ce8 relative=0x0000000000000308
Event: 1610.049 Thread 0x000001d22ad55000 Uncommon trap: reason=unstable_if action=reinterpret pc=0x000001d217655ce8 method=org.objectweb.asm.Type.getTypeInternal(Ljava/lang/String;II)Lorg/objectweb/asm/Type; @ 5 c2
Event: 1610.049 Thread 0x000001d22ad55000 DEOPT PACKING pc=0x000001d217655ce8 sp=0x0000009c10df9010
Event: 1610.049 Thread 0x000001d22ad55000 DEOPT UNPACKING pc=0x000001d20f0878af sp=0x0000009c10df8fe0 mode 2
Event: 1610.107 Thread 0x000001d22ad55000 DEOPT PACKING pc=0x000001d20ff3272b sp=0x0000009c10df9700
Event: 1610.107 Thread 0x000001d22ad55000 DEOPT UNPACKING pc=0x000001d20f0876ce sp=0x0000009c10df8b98 mode 0

Classes redefined (0 events):
No events

Internal exceptions (20 events):
Event: 1359.396 Thread 0x000001d22ad55000 Implicit null exception at 0x000001d2172780cc to 0x000001d217278114
Event: 1359.402 Thread 0x000001d22ad55000 Exception <a 'sun/nio/fs/WindowsException'{0x000000008f48c748}> (0x000000008f48c748) thrown at [./src/hotspot/share/prims/jni.cpp, line 615]
Event: 1359.402 Thread 0x000001d22ad55000 Exception <a 'sun/nio/fs/WindowsException'{0x000000008f48d5b8}> (0x000000008f48d5b8) thrown at [./src/hotspot/share/prims/jni.cpp, line 615]
Event: 1359.448 Thread 0x000001d22ca3b000 Exception <a 'sun/nio/fs/WindowsException'{0x000000008e498f60}> (0x000000008e498f60) thrown at [./src/hotspot/share/prims/jni.cpp, line 615]
Event: 1359.448 Thread 0x000001d22ca3b000 Exception <a 'sun/nio/fs/WindowsException'{0x000000008e499068}> (0x000000008e499068) thrown at [./src/hotspot/share/prims/jni.cpp, line 615]
Event: 1359.574 Thread 0x000001d22ca3b800 Exception <a 'sun/nio/fs/WindowsException'{0x000000008fe32618}> (0x000000008fe32618) thrown at [./src/hotspot/share/prims/jni.cpp, line 615]
Event: 1609.118 Thread 0x000001d22ed93000 Exception <a 'sun/nio/fs/WindowsException'{0x000000008e7d4398}> (0x000000008e7d4398) thrown at [./src/hotspot/share/prims/jni.cpp, line 615]
Event: 1609.133 Thread 0x000001d22ed93000 Exception <a 'java/lang/NoClassDefFoundError'{0x000000008e4b36c0}: org/jetbrains/kotlin/gradle/plugin/KotlinBasePluginWrapper> (0x000000008e4b36c0) thrown at [./src/hotspot/share/oops/constantPool.cpp, line 775]
Event: 1609.139 Thread 0x000001d22ed93000 Exception <a 'sun/nio/fs/WindowsException'{0x000000008e3758d0}> (0x000000008e3758d0) thrown at [./src/hotspot/share/prims/jni.cpp, line 615]
Event: 1609.142 Thread 0x000001d22ed93000 Exception <a 'sun/nio/fs/WindowsException'{0x000000008e218d90}> (0x000000008e218d90) thrown at [./src/hotspot/share/prims/jni.cpp, line 615]
Event: 1609.142 Thread 0x000001d22ed93000 Exception <a 'sun/nio/fs/WindowsException'{0x000000008e219d50}> (0x000000008e219d50) thrown at [./src/hotspot/share/prims/jni.cpp, line 615]
Event: 1609.142 Thread 0x000001d22ed93000 Exception <a 'sun/nio/fs/WindowsException'{0x000000008e21ad60}> (0x000000008e21ad60) thrown at [./src/hotspot/share/prims/jni.cpp, line 615]
Event: 1609.142 Thread 0x000001d22ed93000 Exception <a 'sun/nio/fs/WindowsException'{0x000000008e21bd70}> (0x000000008e21bd70) thrown at [./src/hotspot/share/prims/jni.cpp, line 615]
Event: 1609.162 Thread 0x000001d22ed93000 Exception <a 'sun/nio/fs/WindowsException'{0x000000008db1ae48}> (0x000000008db1ae48) thrown at [./src/hotspot/share/prims/jni.cpp, line 615]
Event: 1610.000 Thread 0x000001d22a9f5800 Exception <a 'sun/nio/fs/WindowsException'{0x000000008fbfeb60}> (0x000000008fbfeb60) thrown at [./src/hotspot/share/prims/jni.cpp, line 615]
Event: 1610.000 Thread 0x000001d22a9f5800 Exception <a 'sun/nio/fs/WindowsException'{0x000000008fbfec00}> (0x000000008fbfec00) thrown at [./src/hotspot/share/prims/jni.cpp, line 615]
Event: 1610.000 Thread 0x000001d22a9f5800 Exception <a 'sun/nio/fs/WindowsException'{0x000000008fbfece8}> (0x000000008fbfece8) thrown at [./src/hotspot/share/prims/jni.cpp, line 615]
Event: 1610.106 Thread 0x000001d22ad55000 Exception <a 'sun/nio/fs/WindowsException'{0x000000008e697c08}> (0x000000008e697c08) thrown at [./src/hotspot/share/prims/jni.cpp, line 615]
Event: 1610.112 Thread 0x000001d22ad55000 Exception <a 'sun/nio/fs/WindowsException'{0x000000008e5ba3d0}> (0x000000008e5ba3d0) thrown at [./src/hotspot/share/prims/jni.cpp, line 615]
Event: 1610.112 Thread 0x000001d22ad55000 Exception <a 'sun/nio/fs/WindowsException'{0x000000008e5ba4d8}> (0x000000008e5ba4d8) thrown at [./src/hotspot/share/prims/jni.cpp, line 615]

Events (20 events):
Event: 1609.978 Executing VM operation: G1CollectForAllocation
Event: 1609.983 Executing VM operation: G1CollectForAllocation done
Event: 1609.990 Executing VM operation: G1CollectForAllocation
Event: 1609.996 Executing VM operation: G1CollectForAllocation done
Event: 1610.013 Thread 0x000001d229af8000 Thread added: 0x000001d229af8000
Event: 1610.029 loading class com/google/common/collect/ImmutableSortedMap
Event: 1610.029 loading class com/google/common/collect/ImmutableSortedMap done
Event: 1610.029 loading class org/gradle/internal/execution/history/AfterPreviousExecutionState
Event: 1610.029 loading class org/gradle/internal/execution/history/AfterPreviousExecutionState done
Event: 1610.029 loading class com/google/common/collect/ImmutableSortedMap
Event: 1610.029 loading class com/google/common/collect/ImmutableSortedMap done
Event: 1610.029 loading class org/gradle/internal/execution/history/BeforeExecutionState
Event: 1610.029 loading class org/gradle/internal/execution/history/BeforeExecutionState done
Event: 1610.029 loading class com/google/common/collect/ImmutableSortedMap
Event: 1610.029 loading class com/google/common/collect/ImmutableSortedMap done
Event: 1610.029 loading class com/google/common/collect/ImmutableSortedMap
Event: 1610.029 loading class com/google/common/collect/ImmutableSortedMap done
Event: 1610.035 Executing VM operation: RevokeBias
Event: 1610.035 Executing VM operation: RevokeBias done
Event: 1610.044 Thread 0x000001d229af8800 Thread added: 0x000001d229af8800


Dynamic libraries:
0x00007ff79ebd0000 - 0x00007ff79ebda000 	C:\Program Files\Android\Android Studio\jre\bin\java.exe
0x00007ffbfbe90000 - 0x00007ffbfc085000 	C:\WINDOWS\SYSTEM32\ntdll.dll
0x00007ffbfabd0000 - 0x00007ffbfac8e000 	C:\WINDOWS\System32\KERNEL32.DLL
0x00007ffbf9930000 - 0x00007ffbf9bf8000 	C:\WINDOWS\System32\KERNELBASE.dll
0x00007ffbf9cc0000 - 0x00007ffbf9dc0000 	C:\WINDOWS\System32\ucrtbase.dll
0x00007ffbd3f00000 - 0x00007ffbd3f19000 	C:\Program Files\Android\Android Studio\jre\bin\jli.dll
0x00007ffbfa8e0000 - 0x00007ffbfaa81000 	C:\WINDOWS\System32\USER32.dll
0x00007ffbf9c90000 - 0x00007ffbf9cb2000 	C:\WINDOWS\System32\win32u.dll
0x00007ffbe12b0000 - 0x00007ffbe154a000 	C:\WINDOWS\WinSxS\amd64_microsoft.windows.common-controls_6595b64144ccf1df_6.0.19041.1110_none_60b5254171f9507e\COMCTL32.dll
0x00007ffbfb320000 - 0x00007ffbfb34b000 	C:\WINDOWS\System32\GDI32.dll
0x00007ffbfa110000 - 0x00007ffbfa1ae000 	C:\WINDOWS\System32\msvcrt.dll
0x00007ffbf9690000 - 0x00007ffbf979d000 	C:\WINDOWS\System32\gdi32full.dll
0x00007ffbf95a0000 - 0x00007ffbf963d000 	C:\WINDOWS\System32\msvcp_win.dll
0x00007ffbd2610000 - 0x00007ffbd2627000 	C:\Program Files\Android\Android Studio\jre\bin\VCRUNTIME140.dll
0x00007ffbf9f50000 - 0x00007ffbf9f80000 	C:\WINDOWS\System32\IMM32.DLL
0x00007ffbbd570000 - 0x00007ffbbd60d000 	C:\Program Files\Android\Android Studio\jre\bin\msvcp140.dll
0x00007ffba92f0000 - 0x00007ffba9dbf000 	C:\Program Files\Android\Android Studio\jre\bin\server\jvm.dll
0x00007ffbfbda0000 - 0x00007ffbfbe4e000 	C:\WINDOWS\System32\ADVAPI32.dll
0x00007ffbfa840000 - 0x00007ffbfa8dc000 	C:\WINDOWS\System32\sechost.dll
0x00007ffbfa510000 - 0x00007ffbfa635000 	C:\WINDOWS\System32\RPCRT4.dll
0x00007ffbf9f80000 - 0x00007ffbf9f88000 	C:\WINDOWS\System32\PSAPI.DLL
0x00007ffbe5930000 - 0x00007ffbe5939000 	C:\WINDOWS\SYSTEM32\WSOCK32.dll
0x00007ffbf0950000 - 0x00007ffbf095a000 	C:\WINDOWS\SYSTEM32\VERSION.dll
0x00007ffbedbe0000 - 0x00007ffbedc07000 	C:\WINDOWS\SYSTEM32\WINMM.dll
0x00007ffbfacf0000 - 0x00007ffbfad5b000 	C:\WINDOWS\System32\WS2_32.dll
0x00007ffbf73d0000 - 0x00007ffbf73e2000 	C:\WINDOWS\SYSTEM32\kernel.appcore.dll
0x00007ffbdbc60000 - 0x00007ffbdbc71000 	C:\Program Files\Android\Android Studio\jre\bin\verify.dll
0x00007ffbe6ba0000 - 0x00007ffbe6d84000 	C:\WINDOWS\SYSTEM32\DBGHELP.DLL
0x00007ffbe53e0000 - 0x00007ffbe540c000 	C:\WINDOWS\SYSTEM32\dbgcore.DLL
0x00007ffbf9c00000 - 0x00007ffbf9c82000 	C:\WINDOWS\System32\bcryptPrimitives.dll
0x00007ffbd8c70000 - 0x00007ffbd8c99000 	C:\Program Files\Android\Android Studio\jre\bin\java.dll
0x00007ffbf6d50000 - 0x00007ffbf6d5b000 	C:\Program Files\Android\Android Studio\jre\bin\jimage.dll
0x00007ffbdb8e0000 - 0x00007ffbdb8f8000 	C:\Program Files\Android\Android Studio\jre\bin\zip.dll
0x00007ffbfb3d0000 - 0x00007ffbfbb14000 	C:\WINDOWS\System32\SHELL32.dll
0x00007ffbf76b0000 - 0x00007ffbf7e45000 	C:\WINDOWS\SYSTEM32\windows.storage.dll
0x00007ffbfa1b0000 - 0x00007ffbfa505000 	C:\WINDOWS\System32\combase.dll
0x00007ffbf8f20000 - 0x00007ffbf8f4e000 	C:\WINDOWS\SYSTEM32\Wldp.dll
0x00007ffbfa790000 - 0x00007ffbfa83d000 	C:\WINDOWS\System32\SHCORE.dll
0x00007ffbfac90000 - 0x00007ffbface5000 	C:\WINDOWS\System32\shlwapi.dll
0x00007ffbf94e0000 - 0x00007ffbf94ff000 	C:\WINDOWS\SYSTEM32\profapi.dll
0x00007ffbd8c50000 - 0x00007ffbd8c6a000 	C:\Program Files\Android\Android Studio\jre\bin\net.dll
0x00007ffbf3fd0000 - 0x00007ffbf40dc000 	C:\WINDOWS\SYSTEM32\WINHTTP.dll
0x00007ffbf8c80000 - 0x00007ffbf8cea000 	C:\WINDOWS\system32\mswsock.dll
0x00007ffbd71c0000 - 0x00007ffbd71d4000 	C:\Program Files\Android\Android Studio\jre\bin\nio.dll
0x00007ffbf4200000 - 0x00007ffbf4227000 	C:\Users\aleks\.gradle\native\8bec1ad78214c89d9ad589b4d07fe93259594b29d510b10fafb7a158f7737e5d\windows-amd64\native-platform.dll
0x00007ffbaa9b0000 - 0x00007ffbaaaed000 	C:\Users\aleks\.gradle\native\53dbd7edfb1c66fb8903c78663c9afc45aea4f116125fa6feffd364cf09443e8\windows-amd64\native-platform-file-events.dll
0x00007ffbedc10000 - 0x00007ffbedc1a000 	C:\Program Files\Android\Android Studio\jre\bin\management.dll
0x00007ffbe6690000 - 0x00007ffbe669c000 	C:\Program Files\Android\Android Studio\jre\bin\management_ext.dll
0x00007ffbf8e80000 - 0x00007ffbf8e98000 	C:\WINDOWS\SYSTEM32\CRYPTSP.dll
0x00007ffbf8600000 - 0x00007ffbf8634000 	C:\WINDOWS\system32\rsaenh.dll
0x00007ffbf9900000 - 0x00007ffbf9927000 	C:\WINDOWS\System32\bcrypt.dll
0x00007ffbf9460000 - 0x00007ffbf948e000 	C:\WINDOWS\SYSTEM32\USERENV.dll
0x00007ffbf8e70000 - 0x00007ffbf8e7c000 	C:\WINDOWS\SYSTEM32\CRYPTBASE.dll
0x00007ffbf8970000 - 0x00007ffbf89ab000 	C:\WINDOWS\SYSTEM32\IPHLPAPI.DLL
0x00007ffbfa6f0000 - 0x00007ffbfa6f8000 	C:\WINDOWS\System32\NSI.dll
0x00007ffbf35b0000 - 0x00007ffbf35c7000 	C:\WINDOWS\SYSTEM32\dhcpcsvc6.DLL
0x00007ffbf3590000 - 0x00007ffbf35ad000 	C:\WINDOWS\SYSTEM32\dhcpcsvc.DLL
0x00007ffbf89b0000 - 0x00007ffbf8a7b000 	C:\WINDOWS\SYSTEM32\DNSAPI.dll
0x00007ffbd2710000 - 0x00007ffbd2737000 	C:\Program Files\Android\Android Studio\jre\bin\sunec.dll

dbghelp: loaded successfully - version: 4.0.5 - missing functions: none
symbol engine: initialized successfully - sym options: 0x614 - pdb path: .;C:\Program Files\Android\Android Studio\jre\bin;C:\WINDOWS\SYSTEM32;C:\WINDOWS\WinSxS\amd64_microsoft.windows.common-controls_6595b64144ccf1df_6.0.19041.1110_none_60b5254171f9507e;C:\Program Files\Android\Android Studio\jre\bin\server;C:\Users\aleks\.gradle\native\8bec1ad78214c89d9ad589b4d07fe93259594b29d510b10fafb7a158f7737e5d\windows-amd64;C:\Users\aleks\.gradle\native\53dbd7edfb1c66fb8903c78663c9afc45aea4f116125fa6feffd364cf09443e8\windows-amd64

VM Arguments:
jvm_args: --add-opens=java.base/java.util=ALL-UNNAMED --add-opens=java.base/java.lang=ALL-UNNAMED --add-opens=java.base/java.lang.invoke=ALL-UNNAMED --add-opens=java.base/java.util=ALL-UNNAMED --add-opens=java.prefs/java.util.prefs=ALL-UNNAMED --add-opens=java.prefs/java.util.prefs=ALL-UNNAMED --add-opens=java.base/java.nio.charset=ALL-UNNAMED --add-opens=java.base/java.net=ALL-UNNAMED --add-opens=java.base/java.util.concurrent.atomic=ALL-UNNAMED -Xmx2048m -Dfile.encoding=UTF-8 -Duser.country=RU -Duser.language=ru -Duser.variant 
java_command: org.gradle.launcher.daemon.bootstrap.GradleDaemon 7.0.2
java_class_path (initial): C:\Users\aleks\.gradle\wrapper\dists\gradle-7.0.2-bin\857tjihv64xamwrf0h14cai3r\gradle-7.0.2\lib\gradle-launcher-7.0.2.jar
Launcher Type: SUN_STANDARD

[Global flags]
     intx CICompilerCount                          = 4                                         {product} {ergonomic}
     uint ConcGCThreads                            = 3                                         {product} {ergonomic}
     uint G1ConcRefinementThreads                  = 10                                        {product} {ergonomic}
   size_t G1HeapRegionSize                         = 1048576                                   {product} {ergonomic}
    uintx GCDrainStackTargetSize                   = 64                                        {product} {ergonomic}
   size_t InitialHeapSize                          = 268435456                                 {product} {ergonomic}
   size_t MarkStackSize                            = 4194304                                   {product} {ergonomic}
   size_t MaxHeapSize                              = 2147483648                                {product} {command line}
   size_t MaxNewSize                               = 1287651328                                {product} {ergonomic}
   size_t MinHeapDeltaBytes                        = 1048576                                   {product} {ergonomic}
    uintx NonNMethodCodeHeapSize                   = 5836300                                {pd product} {ergonomic}
    uintx NonProfiledCodeHeapSize                  = 122910970                              {pd product} {ergonomic}
    uintx ProfiledCodeHeapSize                     = 122910970                              {pd product} {ergonomic}
    uintx ReservedCodeCacheSize                    = 251658240                              {pd product} {ergonomic}
     bool SegmentedCodeCache                       = true                                      {product} {ergonomic}
     bool UseCompressedClassPointers               = true                                 {lp64_product} {ergonomic}
     bool UseCompressedOops                        = true                                 {lp64_product} {ergonomic}
     bool UseG1GC                                  = true                                      {product} {ergonomic}
     bool UseLargePagesIndividualAllocation        = false                                  {pd product} {ergonomic}

Logging:
Log output configuration:
 #0: stdout all=warning uptime,level,tags
 #1: stderr all=off uptime,level,tags

Environment Variables:
PATH=C:\Program Files\AdoptOpenJDK\jdk-16.0.1.9-hotspot\bin;C:\Users\aleks\Desktop\SetupOracle\bin;C:\Users\aleks\Desktop\oracle\bin;C:\oraclexe\app\oracle\product\11.2.0\server\bin;C:\Python39\Scripts\;C:\Python39\;C:\Program Files (x86)\Common Files\Oracle\Java\javapath;C:\Windows\system32;C:\Windows;C:\Windows\System32\Wbem;C:\Windows\System32\WindowsPowerShell\v1.0\;C:\Windows\System32\OpenSSH\;C:\Program Files (x86)\NVIDIA Corporation\PhysX\Common;C:\Program Files\NVIDIA Corporation\NVIDIA NvDLISR;C:\Program Files\Microsoft SQL Server\Client SDK\ODBC\170\Tools\Binn\;C:\WINDOWS\system32;C:\WINDOWS;C:\WINDOWS\System32\Wbem;C:\WINDOWS\System32\WindowsPowerShell\v1.0\;C:\WINDOWS\System32\OpenSSH\;C:\Program Files\Microsoft SQL Server\Client SDK\ODBC\130\Tools\Binn\;C:\Program Files\Microsoft SQL Server\140\DTS\Binn\;C:\ProgramData\chocolatey\bin;C:\Ruby27-x64\bin;C:\chromedriver;C:\Program Files\Microsoft SQL Server\130\Tools\Binn\;C:\Ruby27-x64\bin;C:\Users\aleks\AppData\Local\Programs\Python\Python37\Scripts\;C:\Users\aleks\AppData\Local\Programs\Python\Python37\;C:\Users\aleks\AppData\Local\Microsoft\WindowsApps;C:\Program Files\JetBrains\RubyMine 2020.3.2\bin;;C:\Users\aleks\AppData\Local\Programs\Microsoft VS Code\bin
USERNAME=aleks
OS=Windows_NT
PROCESSOR_IDENTIFIER=AMD64 Family 23 Model 113 Stepping 0, AuthenticAMD



---------------  S Y S T E M  ---------------

OS: Windows 10 , 64 bit Build 19041 (10.0.19041.1466)
OS uptime: 0 days 0:37 hours

CPU:total 12 (initial active 12) (12 cores per cpu, 2 threads per core) family 23 model 113 stepping 0 microcode 0x0, cmov, cx8, fxsr, mmx, sse, sse2, sse3, ssse3, sse4.1, sse4.2, popcnt, avx, avx2, aes, clmul, mmxext, 3dnowpref, lzcnt, sse4a, ht, tsc, tscinvbit, tscinv, bmi1, bmi2, adx,

Memory: 4k page, system-wide physical 16313M (8707M free)
TotalPageFile size 19385M (AvailPageFile size 9148M)
current process WorkingSet (physical memory assigned to process): 645M, peak: 656M
current process commit charge ("private bytes"): 682M, peak: 694M

vm_info: OpenJDK 64-Bit Server VM (11.0.10+0-b96-7249189) for windows-amd64 JRE (11.0.10+0-b96-7249189), built on Mar 31 2021 21:44:00 by "builder" with MS VC++ 14.0 (VS2015)

END.
